  [1m[35m (304.5ms)[0m  [1m[35mCREATE DATABASE "URLShortener_development" ENCODING = 'unicode'[0m
  [1m[35m (250.3ms)[0m  [1m[35mCREATE DATABASE "URLShortener_test" ENCODING = 'unicode'[0m
  [1m[35m (4.7ms)[0m  [1m[35mCREATE TABLE "schema_migrations" ("version" character varying NOT NULL PRIMARY KEY)[0m
  [1m[35m (3.0ms)[0m  [1m[35mCREATE TABLE "ar_internal_metadata" ("key" character varying NOT NULL PRIMARY KEY, "value" character varying, "created_at" timestamp(6) NOT NULL, "updated_at" timestamp(6) NOT NULL)[0m
  [1m[35m (0.3ms)[0m  [1m[34mSELECT pg_try_advisory_lock(4762635147840476445)[0m
  [1m[35m (0.4ms)[0m  [1m[34mSELECT "schema_migrations"."version" FROM "schema_migrations" ORDER BY "schema_migrations"."version" ASC[0m
Migrating to CreateUsers (20190926010427)
  [1m[35m (0.1ms)[0m  [1m[35mBEGIN[0m
  [1m[35m (3.3ms)[0m  [1m[35mCREATE TABLE "users" ("id" bigserial primary key, "email" character varying NOT NULL, "created_at" timestamp(6) NOT NULL, "updated_at" timestamp(6) NOT NULL)[0m
  [1m[35m (1.0ms)[0m  [1m[35mCREATE  INDEX  "index_users_on_email" ON "users"  ("email")[0m
  [1m[36mprimary::SchemaMigration Create (0.3ms)[0m  [1m[32mINSERT INTO "schema_migrations" ("version") VALUES ($1) RETURNING "version"[0m  [["version", "20190926010427"]]
  [1m[35m (0.7ms)[0m  [1m[35mCOMMIT[0m
  [1m[36mActiveRecord::InternalMetadata Load (0.3ms)[0m  [1m[34mSELECT "ar_internal_metadata".* FROM "ar_internal_metadata" WHERE "ar_internal_metadata"."key" = $1 LIMIT $2[0m  [["key", "environment"], ["LIMIT", 1]]
  [1m[35m (0.1ms)[0m  [1m[35mBEGIN[0m
  [1m[36mActiveRecord::InternalMetadata Create (0.3ms)[0m  [1m[32mINSERT INTO "ar_internal_metadata" ("key", "value", "created_at", "updated_at") VALUES ($1, $2, $3, $4) RETURNING "key"[0m  [["key", "environment"], ["value", "development"], ["created_at", "2019-09-26 01:08:19.590496"], ["updated_at", "2019-09-26 01:08:19.590496"]]
  [1m[35m (0.6ms)[0m  [1m[35mCOMMIT[0m
  [1m[35m (0.2ms)[0m  [1m[34mSELECT pg_advisory_unlock(4762635147840476445)[0m
  [1m[35m (0.4ms)[0m  [1m[34mSELECT "schema_migrations"."version" FROM "schema_migrations" ORDER BY "schema_migrations"."version" ASC[0m
  [1m[35m (0.3ms)[0m  [1m[34mSELECT "schema_migrations"."version" FROM "schema_migrations" ORDER BY "schema_migrations"."version" ASC[0m
  [1m[35m (0.1ms)[0m  [1m[35mBEGIN[0m
  [1m[36mUser Exists? (0.4ms)[0m  [1m[34mSELECT 1 AS one FROM "users" WHERE "users"."email" IS NULL LIMIT $1[0m  [["LIMIT", 1]]
  [1m[35m (0.1ms)[0m  [1m[31mROLLBACK[0m
  [1m[35m (0.2ms)[0m  [1m[35mBEGIN[0m
  [1m[36mUser Exists? (0.8ms)[0m  [1m[34mSELECT 1 AS one FROM "users" WHERE "users"."email" = $1 LIMIT $2[0m  [["email", "Hello@gmail.com"], ["LIMIT", 1]]
  [1m[36mUser Create (0.4ms)[0m  [1m[32mINSERT INTO "users" ("email", "created_at", "updated_at") VALUES ($1, $2, $3) RETURNING "id"[0m  [["email", "Hello@gmail.com"], ["created_at", "2019-09-26 01:11:38.010768"], ["updated_at", "2019-09-26 01:11:38.010768"]]
  [1m[35m (1.1ms)[0m  [1m[35mCOMMIT[0m
  [1m[35m (0.1ms)[0m  [1m[35mBEGIN[0m
  [1m[36mUser Exists? (0.4ms)[0m  [1m[34mSELECT 1 AS one FROM "users" WHERE "users"."email" = $1 AND "users"."id" != $2 LIMIT $3[0m  [["email", "Hello@gmail.com"], ["id", 1], ["LIMIT", 1]]
  [1m[35m (0.3ms)[0m  [1m[35mCOMMIT[0m
  [1m[35m (0.3ms)[0m  [1m[35mBEGIN[0m
  [1m[36mUser Exists? (0.6ms)[0m  [1m[34mSELECT 1 AS one FROM "users" WHERE "users"."email" = $1 LIMIT $2[0m  [["email", "Hello@gmail.com"], ["LIMIT", 1]]
  [1m[35m (0.3ms)[0m  [1m[31mROLLBACK[0m
  [1m[35m (0.1ms)[0m  [1m[34mSELECT pg_try_advisory_lock(4762635147840476445)[0m
  [1m[35m (0.3ms)[0m  [1m[34mSELECT "schema_migrations"."version" FROM "schema_migrations" ORDER BY "schema_migrations"."version" ASC[0m
Migrating to CreateShortenedUrls (20190926011301)
  [1m[35m (0.1ms)[0m  [1m[35mBEGIN[0m
  [1m[35m (3.3ms)[0m  [1m[35mCREATE TABLE "shortened_urls" ("id" bigserial primary key, "long_url" character varying NOT NULL, "short_url" character varying NOT NULL, "user_id" integer NOT NULL, "created_at" timestamp(6) NOT NULL, "updated_at" timestamp(6) NOT NULL)[0m
  [1m[35m (1.0ms)[0m  [1m[35mCREATE  INDEX  "index_shortened_urls_on_user_id" ON "shortened_urls"  ("user_id")[0m
  [1m[35m (1.0ms)[0m  [1m[35mCREATE  INDEX  "index_shortened_urls_on_short_url" ON "shortened_urls"  ("short_url")[0m
  [1m[36mprimary::SchemaMigration Create (0.2ms)[0m  [1m[32mINSERT INTO "schema_migrations" ("version") VALUES ($1) RETURNING "version"[0m  [["version", "20190926011301"]]
  [1m[35m (0.9ms)[0m  [1m[35mCOMMIT[0m
Migrating to CreateVisits (20190926011353)
  [1m[35m (0.1ms)[0m  [1m[35mBEGIN[0m
  [1m[35m (1.6ms)[0m  [1m[35mCREATE TABLE "visits" ("id" bigserial primary key, "user_id" integer NOT NULL, "shortened_url_id" integer NOT NULL, "created_at" timestamp(6) NOT NULL, "updated_at" timestamp(6) NOT NULL)[0m
  [1m[35m (1.1ms)[0m  [1m[35mCREATE  INDEX  "index_visits_on_user_id" ON "visits"  ("user_id")[0m
  [1m[35m (0.9ms)[0m  [1m[35mCREATE  INDEX  "index_visits_on_shortened_url_id" ON "visits"  ("shortened_url_id")[0m
  [1m[36mprimary::SchemaMigration Create (0.4ms)[0m  [1m[32mINSERT INTO "schema_migrations" ("version") VALUES ($1) RETURNING "version"[0m  [["version", "20190926011353"]]
  [1m[35m (1.0ms)[0m  [1m[35mCOMMIT[0m
  [1m[36mActiveRecord::InternalMetadata Load (0.4ms)[0m  [1m[34mSELECT "ar_internal_metadata".* FROM "ar_internal_metadata" WHERE "ar_internal_metadata"."key" = $1 LIMIT $2[0m  [["key", "environment"], ["LIMIT", 1]]
  [1m[35m (0.3ms)[0m  [1m[34mSELECT pg_advisory_unlock(4762635147840476445)[0m
  [1m[35m (0.4ms)[0m  [1m[34mSELECT "schema_migrations"."version" FROM "schema_migrations" ORDER BY "schema_migrations"."version" ASC[0m
  [1m[35m (0.3ms)[0m  [1m[34mSELECT "schema_migrations"."version" FROM "schema_migrations" ORDER BY "schema_migrations"."version" ASC[0m
  [1m[35m (0.1ms)[0m  [1m[35mBEGIN[0m
  [1m[36mUser Exists? (1.0ms)[0m  [1m[34mSELECT 1 AS one FROM "users" WHERE "users"."email" = $1 LIMIT $2[0m  [["email", "Bye@gmail.com"], ["LIMIT", 1]]
  [1m[36mUser Create (0.7ms)[0m  [1m[32mINSERT INTO "users" ("email", "created_at", "updated_at") VALUES ($1, $2, $3) RETURNING "id"[0m  [["email", "Bye@gmail.com"], ["created_at", "2019-09-26 01:34:41.755593"], ["updated_at", "2019-09-26 01:34:41.755593"]]
  [1m[35m (1.1ms)[0m  [1m[35mCOMMIT[0m
  [1m[36mShortenedUrl Exists? (1.0ms)[0m  [1m[34mSELECT 1 AS one FROM "shortened_urls" WHERE "shortened_urls"."short_url" = $1 LIMIT $2[0m  [["short_url", "9cSUBmUvP8v8_kt3ZWvnJw"], ["LIMIT", 1]]
  [1m[36mShortenedUrl Exists? (0.6ms)[0m  [1m[34mSELECT 1 AS one FROM "shortened_urls" WHERE "shortened_urls"."short_url" = $1 LIMIT $2[0m  [["short_url", "IuBp7IUDH446b_SUzWVmOw"], ["LIMIT", 1]]
  [1m[36mShortenedUrl Exists? (0.6ms)[0m  [1m[34mSELECT 1 AS one FROM "shortened_urls" WHERE "shortened_urls"."short_url" = $1 LIMIT $2[0m  [["short_url", "13qzjT_b27WmVyuXm3zXgg"], ["LIMIT", 1]]
  [1m[36mUser Load (0.4ms)[0m  [1m[34mSELECT "users".* FROM "users" ORDER BY "users"."id" ASC LIMIT $1[0m  [["LIMIT", 1]]
  [1m[36mShortenedUrl Exists? (0.2ms)[0m  [1m[34mSELECT 1 AS one FROM "shortened_urls" WHERE "shortened_urls"."short_url" = $1 LIMIT $2[0m  [["short_url", "oSajJWWI5XC1RooIEmTncQ"], ["LIMIT", 1]]
  [1m[35m (0.1ms)[0m  [1m[35mBEGIN[0m
  [1m[36mShortenedUrl Exists? (0.2ms)[0m  [1m[34mSELECT 1 AS one FROM "shortened_urls" WHERE "shortened_urls"."short_url" IS NULL LIMIT $1[0m  [["LIMIT", 1]]
  [1m[35m (0.1ms)[0m  [1m[31mROLLBACK[0m
  [1m[36mUser Load (0.5ms)[0m  [1m[34mSELECT "users".* FROM "users" ORDER BY "users"."id" ASC LIMIT $1[0m  [["LIMIT", 1]]
  [1m[36mShortenedUrl Exists? (0.5ms)[0m  [1m[34mSELECT 1 AS one FROM "shortened_urls" WHERE "shortened_urls"."short_url" = $1 LIMIT $2[0m  [["short_url", "gS4g22kLl_IePHXCSTLk4Q"], ["LIMIT", 1]]
  [1m[35m (0.2ms)[0m  [1m[35mBEGIN[0m
  [1m[36mShortenedUrl Exists? (0.3ms)[0m  [1m[34mSELECT 1 AS one FROM "shortened_urls" WHERE "shortened_urls"."short_url" IS NULL LIMIT $1[0m  [["LIMIT", 1]]
  [1m[35m (0.2ms)[0m  [1m[31mROLLBACK[0m
  [1m[36mUser Load (0.1ms)[0m  [1m[34mSELECT "users".* FROM "users" ORDER BY "users"."id" ASC LIMIT $1[0m  [["LIMIT", 1]]
  [1m[36mUser Load (0.3ms)[0m  [1m[34mSELECT "users".* FROM "users" ORDER BY "users"."id" ASC LIMIT $1[0m  [["LIMIT", 1]]
  [1m[36mShortenedUrl Exists? (0.2ms)[0m  [1m[34mSELECT 1 AS one FROM "shortened_urls" WHERE "shortened_urls"."short_url" = $1 LIMIT $2[0m  [["short_url", "LiAetSzxpsygshp9DuDigQ"], ["LIMIT", 1]]
  [1m[36mUser Load (0.1ms)[0m  [1m[34mSELECT "users".* FROM "users" ORDER BY "users"."id" ASC LIMIT $1[0m  [["LIMIT", 1]]
  [1m[36mShortenedUrl Exists? (0.2ms)[0m  [1m[34mSELECT 1 AS one FROM "shortened_urls" WHERE "shortened_urls"."short_url" = $1 LIMIT $2[0m  [["short_url", "5NFQ9ShrFFg9h8jEN3EVTg"], ["LIMIT", 1]]
  [1m[35m (0.1ms)[0m  [1m[35mBEGIN[0m
  [1m[36mShortenedUrl Exists? (0.2ms)[0m  [1m[34mSELECT 1 AS one FROM "shortened_urls" WHERE "shortened_urls"."short_url" = $1 LIMIT $2[0m  [["short_url", "5NFQ9ShrFFg9h8jEN3EVTg"], ["LIMIT", 1]]
  [1m[36mShortenedUrl Create (0.3ms)[0m  [1m[32mINSERT INTO "shortened_urls" ("long_url", "short_url", "user_id", "created_at", "updated_at") VALUES ($1, $2, $3, $4, $5) RETURNING "id"[0m  [["long_url", "hello"], ["short_url", "5NFQ9ShrFFg9h8jEN3EVTg"], ["user_id", 1], ["created_at", "2019-09-26 01:39:14.946566"], ["updated_at", "2019-09-26 01:39:14.946566"]]
  [1m[35m (1.0ms)[0m  [1m[35mCOMMIT[0m
  [1m[36mUser Load (0.6ms)[0m  [1m[34mSELECT "users".* FROM "users" ORDER BY "users"."id" ASC LIMIT $1[0m  [["LIMIT", 1]]
  [1m[36mShortenedUrl Exists? (0.5ms)[0m  [1m[34mSELECT 1 AS one FROM "shortened_urls" WHERE "shortened_urls"."short_url" = $1 LIMIT $2[0m  [["short_url", "l5AYhErz6W-ttTOTsuZAwQ"], ["LIMIT", 1]]
  [1m[35m (0.2ms)[0m  [1m[35mBEGIN[0m
  [1m[36mShortenedUrl Exists? (0.4ms)[0m  [1m[34mSELECT 1 AS one FROM "shortened_urls" WHERE "shortened_urls"."short_url" = $1 LIMIT $2[0m  [["short_url", "l5AYhErz6W-ttTOTsuZAwQ"], ["LIMIT", 1]]
  [1m[36mShortenedUrl Create (0.5ms)[0m  [1m[32mINSERT INTO "shortened_urls" ("long_url", "short_url", "user_id", "created_at", "updated_at") VALUES ($1, $2, $3, $4, $5) RETURNING "id"[0m  [["long_url", "hello"], ["short_url", "l5AYhErz6W-ttTOTsuZAwQ"], ["user_id", 1], ["created_at", "2019-09-26 01:39:18.346223"], ["updated_at", "2019-09-26 01:39:18.346223"]]
  [1m[35m (1.1ms)[0m  [1m[35mCOMMIT[0m
  [1m[36mUser Load (0.5ms)[0m  [1m[34mSELECT "users".* FROM "users" ORDER BY "users"."id" ASC LIMIT $1[0m  [["LIMIT", 1]]
  [1m[36mUser Load (0.5ms)[0m  [1m[34mSELECT "users".* FROM "users" ORDER BY "users"."id" ASC LIMIT $1[0m  [["LIMIT", 1]]
  [1m[36mUser Load (0.5ms)[0m  [1m[34mSELECT "users".* FROM "users" ORDER BY "users"."id" ASC LIMIT $1[0m  [["LIMIT", 1]]
  [1m[36mShortenedUrl Exists? (0.5ms)[0m  [1m[34mSELECT 1 AS one FROM "shortened_urls" WHERE "shortened_urls"."short_url" = $1 LIMIT $2[0m  [["short_url", "cjTBgU0yXFvSzLHo6lqBUg"], ["LIMIT", 1]]
  [1m[35m (0.2ms)[0m  [1m[35mBEGIN[0m
  [1m[36mShortenedUrl Exists? (0.4ms)[0m  [1m[34mSELECT 1 AS one FROM "shortened_urls" WHERE "shortened_urls"."short_url" = $1 LIMIT $2[0m  [["short_url", "cjTBgU0yXFvSzLHo6lqBUg"], ["LIMIT", 1]]
  [1m[35m (0.2ms)[0m  [1m[31mROLLBACK[0m
  [1m[36mShortenedUrl Load (0.4ms)[0m  [1m[34mSELECT "shortened_urls".* FROM "shortened_urls" ORDER BY "shortened_urls"."id" ASC LIMIT $1[0m  [["LIMIT", 1]]
  [1m[36mShortenedUrl Load (0.5ms)[0m  [1m[34mSELECT "shortened_urls".* FROM "shortened_urls" ORDER BY "shortened_urls"."id" ASC LIMIT $1 OFFSET $2[0m  [["LIMIT", 1], ["OFFSET", 1]]
  [1m[36mUser Load (0.1ms)[0m  [1m[34mSELECT "users".* FROM "users" ORDER BY "users"."id" ASC LIMIT $1[0m  [["LIMIT", 1]]
  [1m[36mShortenedUrl Exists? (0.2ms)[0m  [1m[34mSELECT 1 AS one FROM "shortened_urls" WHERE "shortened_urls"."short_url" = $1 LIMIT $2[0m  [["short_url", "5VnygPp-8Ir5MfFO60sZXA"], ["LIMIT", 1]]
  [1m[35m (0.1ms)[0m  [1m[35mBEGIN[0m
  [1m[36mShortenedUrl Exists? (0.2ms)[0m  [1m[34mSELECT 1 AS one FROM "shortened_urls" WHERE "shortened_urls"."short_url" = $1 LIMIT $2[0m  [["short_url", "5VnygPp-8Ir5MfFO60sZXA"], ["LIMIT", 1]]
  [1m[36mShortenedUrl Create (0.2ms)[0m  [1m[32mINSERT INTO "shortened_urls" ("long_url", "short_url", "user_id", "created_at", "updated_at") VALUES ($1, $2, $3, $4, $5) RETURNING "id"[0m  [["long_url", "goodbye"], ["short_url", "5VnygPp-8Ir5MfFO60sZXA"], ["user_id", 1], ["created_at", "2019-09-26 01:42:40.489699"], ["updated_at", "2019-09-26 01:42:40.489699"]]
  [1m[35m (0.6ms)[0m  [1m[35mCOMMIT[0m
  [1m[36mUser Load (0.2ms)[0m  [1m[34mSELECT "users".* FROM "users" ORDER BY "users"."id" ASC LIMIT $1[0m  [["LIMIT", 1]]
  [1m[36mUser Load (0.5ms)[0m  [1m[34mSELECT "users".* FROM "users" ORDER BY "users"."id" ASC LIMIT $1[0m  [["LIMIT", 1]]
  [1m[36mShortenedUrl Load (0.2ms)[0m  [1m[34mSELECT "shortened_urls".* FROM "shortened_urls" WHERE "shortened_urls"."user_id" = $1[0m  [["user_id", 1]]
  [1m[36mShortenedUrl Load (0.4ms)[0m  [1m[34mSELECT "shortened_urls".* FROM "shortened_urls" ORDER BY "shortened_urls"."id" ASC LIMIT $1[0m  [["LIMIT", 1]]
  [1m[36mUser Load (0.1ms)[0m  [1m[34mSELECT "users".* FROM "users" WHERE "users"."id" = $1 LIMIT $2[0m  [["id", 1], ["LIMIT", 1]]
  [1m[36mUser Load (0.1ms)[0m  [1m[34mSELECT "users".* FROM "users" ORDER BY "users"."id" ASC LIMIT $1[0m  [["LIMIT", 1]]
  [1m[36mShortenedUrl Load (0.1ms)[0m  [1m[34mSELECT "shortened_urls".* FROM "shortened_urls" ORDER BY "shortened_urls"."id" ASC LIMIT $1[0m  [["LIMIT", 1]]
  [1m[36mUser Load (0.3ms)[0m  [1m[34mSELECT "users".* FROM "users" ORDER BY "users"."id" ASC LIMIT $1[0m  [["LIMIT", 1]]
  [1m[36mUser Load (0.5ms)[0m  [1m[34mSELECT "users".* FROM "users" ORDER BY "users"."id" ASC LIMIT $1[0m  [["LIMIT", 1]]
  [1m[36mShortenedUrl Load (0.3ms)[0m  [1m[34mSELECT "shortened_urls".* FROM "shortened_urls" ORDER BY "shortened_urls"."id" ASC LIMIT $1[0m  [["LIMIT", 1]]
  [1m[35m (0.2ms)[0m  [1m[35mBEGIN[0m
  [1m[36mVisit Create (1.6ms)[0m  [1m[32mINSERT INTO "visits" ("user_id", "shortened_url_id", "created_at", "updated_at") VALUES ($1, $2, $3, $4) RETURNING "id"[0m  [["user_id", 1], ["shortened_url_id", 1], ["created_at", "2019-09-26 01:52:56.019848"], ["updated_at", "2019-09-26 01:52:56.019848"]]
  [1m[35m (0.7ms)[0m  [1m[35mCOMMIT[0m
  [1m[36mUser Load (0.6ms)[0m  [1m[34mSELECT "users".* FROM "users" ORDER BY "users"."id" ASC LIMIT $1[0m  [["LIMIT", 1]]
  [1m[36mShortenedUrl Load (0.4ms)[0m  [1m[34mSELECT "shortened_urls".* FROM "shortened_urls" ORDER BY "shortened_urls"."id" ASC LIMIT $1[0m  [["LIMIT", 1]]
  [1m[35m (0.2ms)[0m  [1m[35mBEGIN[0m
  [1m[36mVisit Create (0.5ms)[0m  [1m[32mINSERT INTO "visits" ("user_id", "shortened_url_id", "created_at", "updated_at") VALUES ($1, $2, $3, $4) RETURNING "id"[0m  [["user_id", 1], ["shortened_url_id", 1], ["created_at", "2019-09-26 01:53:04.957363"], ["updated_at", "2019-09-26 01:53:04.957363"]]
  [1m[35m (0.6ms)[0m  [1m[35mCOMMIT[0m
  [1m[36mShortenedUrl Load (0.4ms)[0m  [1m[34mSELECT "shortened_urls".* FROM "shortened_urls"[0m
  [1m[36mShortenedUrl Load (0.6ms)[0m  [1m[34mSELECT "shortened_urls".* FROM "shortened_urls" ORDER BY "shortened_urls"."id" ASC LIMIT $1[0m  [["LIMIT", 1]]
  [1m[36mUser Load (0.2ms)[0m  [1m[34mSELECT "users".* FROM "users" WHERE "users"."id" = $1 LIMIT $2[0m  [["id", 1], ["LIMIT", 1]]
  [1m[36mVisit Load (0.2ms)[0m  [1m[34mSELECT "visits".* FROM "visits" WHERE "visits"."shortened_url_id" = $1[0m  [["shortened_url_id", 1]]
  [1m[36mUser Load (1.2ms)[0m  [1m[34mSELECT DISTINCT "users".* FROM "users" INNER JOIN "visits" ON "users"."id" = "visits"."user_id" WHERE "visits"."shortened_url_id" = $1[0m  [["shortened_url_id", 1]]
  [1m[35m (0.6ms)[0m  [1m[34mSELECT COUNT(*) FROM "visits" WHERE "visits"."shortened_url_id" = $1[0m  [["shortened_url_id", 1]]
  [1m[35m (0.7ms)[0m  [1m[34mSELECT COUNT(DISTINCT "users"."id") FROM "users" INNER JOIN "visits" ON "users"."id" = "visits"."user_id" WHERE "visits"."shortened_url_id" = $1[0m  [["shortened_url_id", 1]]
  [1m[36mShortenedUrl Load (0.2ms)[0m  [1m[34mSELECT "shortened_urls".* FROM "shortened_urls" ORDER BY "shortened_urls"."id" ASC LIMIT $1[0m  [["LIMIT", 1]]
  [1m[35m (0.5ms)[0m  [1m[34mSELECT COUNT(DISTINCT "users"."id") FROM "users" INNER JOIN "visits" ON "users"."id" = "visits"."user_id" WHERE "visits"."shortened_url_id" = $1[0m  [["shortened_url_id", 1]]
  [1m[35m (0.7ms)[0m  [1m[34mSELECT COUNT(DISTINCT "users"."id") FROM "users" INNER JOIN "visits" ON "users"."id" = "visits"."user_id" WHERE "visits"."shortened_url_id" = $1[0m  [["shortened_url_id", 1]]
  [1m[36mVisit Load (0.6ms)[0m  [1m[34mSELECT "visits".* FROM "visits"[0m
  [1m[36mVisit Load (0.5ms)[0m  [1m[34mSELECT "visits".* FROM "visits"[0m
  [1m[35m (0.8ms)[0m  [1m[34mSELECT COUNT(DISTINCT "users"."id") FROM "users" INNER JOIN "visits" ON "users"."id" = "visits"."user_id" WHERE "visits"."shortened_url_id" = $1[0m  [["shortened_url_id", 1]]
  [1m[35m (0.7ms)[0m  [1m[34mSELECT COUNT(DISTINCT "users"."id") FROM "users" INNER JOIN "visits" ON "users"."id" = "visits"."user_id" WHERE "visits"."shortened_url_id" = $1[0m  [["shortened_url_id", 1]]
  [1m[35m (0.8ms)[0m  [1m[34mSELECT COUNT(DISTINCT "users"."id") FROM "users" INNER JOIN "visits" ON "users"."id" = "visits"."user_id" WHERE "visits"."shortened_url_id" = $1[0m  [["shortened_url_id", 1]]
  [1m[35m (0.2ms)[0m  [1m[34mSELECT COUNT(DISTINCT "users"."id") FROM "users" INNER JOIN "visits" ON "users"."id" = "visits"."user_id" WHERE "visits"."shortened_url_id" = $1[0m  [["shortened_url_id", 1]]
  [1m[35m (0.3ms)[0m  [1m[34mSELECT COUNT(DISTINCT "users"."id") FROM "users" INNER JOIN "visits" ON "users"."id" = "visits"."user_id" WHERE "visits"."shortened_url_id" = $1[0m  [["shortened_url_id", 1]]
  [1m[36mShortenedUrl Load (0.2ms)[0m  [1m[34mSELECT "shortened_urls".* FROM "shortened_urls" ORDER BY "shortened_urls"."id" ASC LIMIT $1[0m  [["LIMIT", 1]]
  [1m[35m (0.3ms)[0m  [1m[34mSELECT COUNT(DISTINCT "users"."id") FROM "users" INNER JOIN "visits" ON "users"."id" = "visits"."user_id" WHERE "visits"."shortened_url_id" = $1[0m  [["shortened_url_id", 1]]
  [1m[36mUser Load (0.8ms)[0m  [1m[34mSELECT DISTINCT "users".* FROM "users" INNER JOIN "visits" ON "users"."id" = "visits"."user_id" WHERE "visits"."shortened_url_id" = $1[0m  [["shortened_url_id", 1]]
  [1m[36mUser Load (0.7ms)[0m  [1m[34mSELECT DISTINCT "users".* FROM "users" INNER JOIN "visits" ON "users"."id" = "visits"."user_id" WHERE "visits"."shortened_url_id" = $1[0m  [["shortened_url_id", 1]]
  [1m[36mShortenedUrl Load (0.2ms)[0m  [1m[34mSELECT "shortened_urls".* FROM "shortened_urls"[0m
  [1m[36mShortenedUrl Load (0.5ms)[0m  [1m[34mSELECT "shortened_urls".* FROM "shortened_urls" ORDER BY "shortened_urls"."id" ASC LIMIT $1[0m  [["LIMIT", 1]]
  [1m[35m (0.2ms)[0m  [1m[34mSELECT COUNT(DISTINCT "users"."id") FROM "users" INNER JOIN "visits" ON "users"."id" = "visits"."user_id" WHERE "visits"."shortened_url_id" = $1[0m  [["shortened_url_id", 1]]
  [1m[35m (3.0ms)[0m  [1m[34mSELECT COUNT(DISTINCT 1) FROM "users" INNER JOIN "visits" ON "users"."id" = "visits"."user_id" WHERE "visits"."shortened_url_id" = $1 AND (created_at >= '2019-09-26 02:09:05.413891')[0m  [["shortened_url_id", 1]]
  [1m[36mShortenedUrl Load (0.1ms)[0m  [1m[34mSELECT "shortened_urls".* FROM "shortened_urls" ORDER BY "shortened_urls"."id" ASC LIMIT $1[0m  [["LIMIT", 1]]
  [1m[35m (0.8ms)[0m  [1m[34mSELECT COUNT(DISTINCT 1) FROM "users" INNER JOIN "visits" ON "users"."id" = "visits"."user_id" WHERE "visits"."shortened_url_id" = $1 AND (visits.created_at >= '2019-09-26 02:09:36.350503')[0m  [["shortened_url_id", 1]]
  [1m[35m (0.8ms)[0m  [1m[34mSELECT COUNT(DISTINCT 1) FROM "users" INNER JOIN "visits" ON "users"."id" = "visits"."user_id" WHERE "visits"."shortened_url_id" = $1 AND (visits.created_at >= '2019-09-26 02:09:37.658413')[0m  [["shortened_url_id", 1]]
  [1m[35m (0.9ms)[0m  [1m[34mSELECT COUNT(DISTINCT 1) FROM "users" INNER JOIN "visits" ON "users"."id" = "visits"."user_id" WHERE "visits"."shortened_url_id" = $1 AND (visits.created_at >= '2019-09-26 02:09:43.504341')[0m  [["shortened_url_id", 1]]
  [1m[35m (0.4ms)[0m  [1m[34mSELECT COUNT(DISTINCT 1) FROM "users" INNER JOIN "visits" ON "users"."id" = "visits"."user_id" WHERE "visits"."shortened_url_id" = $1 AND (visits.created_at >= '2019-09-26 02:09:44.648864')[0m  [["shortened_url_id", 1]]
  [1m[36mUser Load (0.5ms)[0m  [1m[34mSELECT "users".* FROM "users" ORDER BY "users"."id" ASC LIMIT $1[0m  [["LIMIT", 1]]
  [1m[36mShortenedUrl Load (0.4ms)[0m  [1m[34mSELECT "shortened_urls".* FROM "shortened_urls" ORDER BY "shortened_urls"."id" ASC LIMIT $1[0m  [["LIMIT", 1]]
  [1m[35m (0.3ms)[0m  [1m[35mBEGIN[0m
  [1m[36mUser Load (0.5ms)[0m  [1m[34mSELECT "users".* FROM "users" WHERE "users"."id" = $1 LIMIT $2[0m  [["id", 1], ["LIMIT", 1]]
  [1m[36mShortenedUrl Load (0.4ms)[0m  [1m[34mSELECT "shortened_urls".* FROM "shortened_urls" WHERE "shortened_urls"."id" = $1 LIMIT $2[0m  [["id", 1], ["LIMIT", 1]]
  [1m[36mVisit Create (0.5ms)[0m  [1m[32mINSERT INTO "visits" ("user_id", "shortened_url_id", "created_at", "updated_at") VALUES ($1, $2, $3, $4) RETURNING "id"[0m  [["user_id", 1], ["shortened_url_id", 1], ["created_at", "2019-09-26 02:20:03.713900"], ["updated_at", "2019-09-26 02:20:03.713900"]]
  [1m[35m (2.5ms)[0m  [1m[35mCOMMIT[0m
  [1m[35m (0.7ms)[0m  [1m[34mSELECT COUNT(*) FROM "visits" WHERE "visits"."shortened_url_id" = $1[0m  [["shortened_url_id", 1]]
  [1m[35m (0.5ms)[0m  [1m[34mSELECT COUNT(DISTINCT "users"."id") FROM "users" INNER JOIN "visits" ON "users"."id" = "visits"."user_id" WHERE "visits"."shortened_url_id" = $1[0m  [["shortened_url_id", 1]]
  [1m[35m (1.0ms)[0m  [1m[34mSELECT COUNT(DISTINCT 1) FROM "users" INNER JOIN "visits" ON "users"."id" = "visits"."user_id" WHERE "visits"."shortened_url_id" = $1 AND (visits.created_at >= '2019-09-26 02:10:27.061774')[0m  [["shortened_url_id", 1]]
  [1m[36mUser Load (1.1ms)[0m  [1m[34mSELECT "users".* FROM "users" WHERE "users"."id" = $1 LIMIT $2[0m  [["id", nil], ["LIMIT", 1]]
  [1m[36mUser Load (0.8ms)[0m  [1m[34mSELECT "users".* FROM "users"[0m
  [1m[36mUser Load (0.5ms)[0m  [1m[34mSELECT "users".* FROM "users" WHERE "users"."id" = $1 LIMIT $2[0m  [["id", nil], ["LIMIT", 1]]
  [1m[36mUser Load (0.4ms)[0m  [1m[34mSELECT "users".* FROM "users" WHERE "users"."id" = $1 LIMIT $2[0m  [["id", nil], ["LIMIT", 1]]
  [1m[36mUser Load (0.5ms)[0m  [1m[34mSELECT "users".* FROM "users" WHERE "users"."email" = $1 LIMIT $2[0m  [["email", "Hello@gmail.com"], ["LIMIT", 1]]
  [1m[36mUser Load (0.7ms)[0m  [1m[34mSELECT "users".* FROM "users"[0m
  [1m[36mUser Load (0.4ms)[0m  [1m[34mSELECT "users".* FROM "users" WHERE "users"."email" = $1 LIMIT $2[0m  [["email", "potato"], ["LIMIT", 1]]
  [1m[36mUser Load (0.5ms)[0m  [1m[34mSELECT "users".* FROM "users" ORDER BY "users"."id" ASC LIMIT $1[0m  [["LIMIT", 1]]
  [1m[36mShortenedUrl Load (1.1ms)[0m  [1m[34mSELECT "shortened_urls".* FROM "shortened_urls" ORDER BY "shortened_urls"."id" ASC LIMIT $1[0m  [["LIMIT", 1]]
  [1m[36mUser Load (0.2ms)[0m  [1m[34mSELECT "users".* FROM "users" WHERE "users"."email" = $1 LIMIT $2[0m  [["email", "ok@gmail.com"], ["LIMIT", 1]]
  [1m[36mUser Load (0.6ms)[0m  [1m[34mSELECT "users".* FROM "users" WHERE "users"."email" = $1 LIMIT $2[0m  [["email", "\"Hello@gmail.com\""], ["LIMIT", 1]]
  [1m[36mUser Load (0.6ms)[0m  [1m[34mSELECT "users".* FROM "users" WHERE "users"."email" = $1 LIMIT $2[0m  [["email", ""], ["LIMIT", 1]]
  [1m[36mUser Load (0.5ms)[0m  [1m[34mSELECT "users".* FROM "users" WHERE "users"."email" = $1 LIMIT $2[0m  [["email", "Hello@gmail.com"], ["LIMIT", 1]]
  [1m[36mUser Load (0.6ms)[0m  [1m[34mSELECT "users".* FROM "users" WHERE "users"."email" = $1 LIMIT $2[0m  [["email", "Hello@gmail.com"], ["LIMIT", 1]]
  [1m[36mShortenedUrl Load (1.0ms)[0m  [1m[34mSELECT "shortened_urls".* FROM "shortened_urls" WHERE "shortened_urls"."short_url" = $1 LIMIT $2[0m  [["short_url", "sdjosaj1"], ["LIMIT", 1]]
  [1m[36mShortenedUrl Load (0.2ms)[0m  [1m[34mSELECT "shortened_urls".* FROM "shortened_urls"[0m
  [1m[36mUser Load (0.3ms)[0m  [1m[34mSELECT "users".* FROM "users" WHERE "users"."email" = $1 LIMIT $2[0m  [["email", "Hello@gmail.com"], ["LIMIT", 1]]
  [1m[36mShortenedUrl Load (0.6ms)[0m  [1m[34mSELECT "shortened_urls".* FROM "shortened_urls" WHERE "shortened_urls"."short_url" = $1 LIMIT $2[0m  [["short_url", "5VnygPp-8Ir5MfFO60sZXA"], ["LIMIT", 1]]
  [1m[35m (0.2ms)[0m  [1m[35mBEGIN[0m
  ↳ app/models/visit.rb:16:in `record_visit!'
  [1m[36mUser Load (0.2ms)[0m  [1m[34mSELECT "users".* FROM "users" WHERE "users"."id" = $1 LIMIT $2[0m  [["id", 1], ["LIMIT", 1]]
  ↳ app/models/visit.rb:16:in `record_visit!'
  [1m[36mShortenedUrl Load (0.1ms)[0m  [1m[34mSELECT "shortened_urls".* FROM "shortened_urls" WHERE "shortened_urls"."id" = $1 LIMIT $2[0m  [["id", 3], ["LIMIT", 1]]
  ↳ app/models/visit.rb:16:in `record_visit!'
  [1m[36mVisit Create (4.4ms)[0m  [1m[32mINSERT INTO "visits" ("user_id", "shortened_url_id", "created_at", "updated_at") VALUES ($1, $2, $3, $4) RETURNING "id"[0m  [["user_id", 1], ["shortened_url_id", 3], ["created_at", "2019-09-26 21:56:15.876722"], ["updated_at", "2019-09-26 21:56:15.876722"]]
  ↳ app/models/visit.rb:16:in `record_visit!'
  [1m[35m (1.3ms)[0m  [1m[35mCOMMIT[0m
  ↳ app/models/visit.rb:16:in `record_visit!'
  [1m[36mUser Load (0.3ms)[0m  [1m[34mSELECT "users".* FROM "users" WHERE "users"."email" = $1 LIMIT $2[0m  [["email", "Hello@gmail.com"], ["LIMIT", 1]]
  [1m[36mShortenedUrl Load (0.6ms)[0m  [1m[34mSELECT "shortened_urls".* FROM "shortened_urls" WHERE "shortened_urls"."short_url" = $1 LIMIT $2[0m  [["short_url", "5VnygPp-8Ir5MfFO60sZXA"], ["LIMIT", 1]]
  [1m[35m (0.3ms)[0m  [1m[35mBEGIN[0m
  ↳ app/models/visit.rb:16:in `record_visit!'
  [1m[36mUser Load (0.5ms)[0m  [1m[34mSELECT "users".* FROM "users" WHERE "users"."id" = $1 LIMIT $2[0m  [["id", 1], ["LIMIT", 1]]
  ↳ app/models/visit.rb:16:in `record_visit!'
  [1m[36mShortenedUrl Load (0.4ms)[0m  [1m[34mSELECT "shortened_urls".* FROM "shortened_urls" WHERE "shortened_urls"."id" = $1 LIMIT $2[0m  [["id", 3], ["LIMIT", 1]]
  ↳ app/models/visit.rb:16:in `record_visit!'
  [1m[36mVisit Create (0.7ms)[0m  [1m[32mINSERT INTO "visits" ("user_id", "shortened_url_id", "created_at", "updated_at") VALUES ($1, $2, $3, $4) RETURNING "id"[0m  [["user_id", 1], ["shortened_url_id", 3], ["created_at", "2019-09-26 21:57:01.085960"], ["updated_at", "2019-09-26 21:57:01.085960"]]
  ↳ app/models/visit.rb:16:in `record_visit!'
  [1m[35m (1.2ms)[0m  [1m[35mCOMMIT[0m
  ↳ app/models/visit.rb:16:in `record_visit!'
  [1m[36mVisit Load (2.1ms)[0m  [1m[34mSELECT "visits".* FROM "visits"[0m
  [1m[36mUser Load (0.2ms)[0m  [1m[34mSELECT "users".* FROM "users" WHERE "users"."email" = $1 LIMIT $2[0m  [["email", "Hello@gmail.com"], ["LIMIT", 1]]
  [1m[36mShortenedUrl Exists? (0.3ms)[0m  [1m[34mSELECT 1 AS one FROM "shortened_urls" WHERE "shortened_urls"."short_url" = $1 LIMIT $2[0m  [["short_url", "LXrfJfY9nm5ekooH2a0Tkg"], ["LIMIT", 1]]
  ↳ app/models/shortened_url.rb:28:in `random_code'
  [1m[35m (0.1ms)[0m  [1m[35mBEGIN[0m
  ↳ app/models/shortened_url.rb:20:in `shorten'
  [1m[36mShortenedUrl Exists? (0.3ms)[0m  [1m[34mSELECT 1 AS one FROM "shortened_urls" WHERE "shortened_urls"."short_url" = $1 LIMIT $2[0m  [["short_url", "LXrfJfY9nm5ekooH2a0Tkg"], ["LIMIT", 1]]
  ↳ app/models/shortened_url.rb:20:in `shorten'
  [1m[36mUser Load (0.1ms)[0m  [1m[34mSELECT "users".* FROM "users" WHERE "users"."id" = $1 LIMIT $2[0m  [["id", 1], ["LIMIT", 1]]
  ↳ app/models/shortened_url.rb:20:in `shorten'
  [1m[36mShortenedUrl Create (2.4ms)[0m  [1m[32mINSERT INTO "shortened_urls" ("long_url", "short_url", "user_id", "created_at", "updated_at") VALUES ($1, $2, $3, $4, $5) RETURNING "id"[0m  [["long_url", "google.com"], ["short_url", "LXrfJfY9nm5ekooH2a0Tkg"], ["user_id", 1], ["created_at", "2019-09-26 21:58:06.430887"], ["updated_at", "2019-09-26 21:58:06.430887"]]
  ↳ app/models/shortened_url.rb:20:in `shorten'
  [1m[35m (0.6ms)[0m  [1m[35mCOMMIT[0m
  ↳ app/models/shortened_url.rb:20:in `shorten'
  [1m[35m (0.1ms)[0m  [1m[35mBEGIN[0m
  ↳ app/models/visit.rb:16:in `record_visit!'
  [1m[36mUser Load (0.2ms)[0m  [1m[34mSELECT "users".* FROM "users" WHERE "users"."id" = $1 LIMIT $2[0m  [["id", 1], ["LIMIT", 1]]
  ↳ app/models/visit.rb:16:in `record_visit!'
  [1m[36mShortenedUrl Load (0.2ms)[0m  [1m[34mSELECT "shortened_urls".* FROM "shortened_urls" WHERE "shortened_urls"."id" = $1 LIMIT $2[0m  [["id", 4], ["LIMIT", 1]]
  ↳ app/models/visit.rb:16:in `record_visit!'
  [1m[36mVisit Create (0.4ms)[0m  [1m[32mINSERT INTO "visits" ("user_id", "shortened_url_id", "created_at", "updated_at") VALUES ($1, $2, $3, $4) RETURNING "id"[0m  [["user_id", 1], ["shortened_url_id", 4], ["created_at", "2019-09-26 21:58:06.452447"], ["updated_at", "2019-09-26 21:58:06.452447"]]
  ↳ app/models/visit.rb:16:in `record_visit!'
  [1m[35m (0.7ms)[0m  [1m[35mCOMMIT[0m
  ↳ app/models/visit.rb:16:in `record_visit!'
  [1m[36mVisit Load (0.7ms)[0m  [1m[34mSELECT "visits".* FROM "visits"[0m
  [1m[36mUser Load (0.2ms)[0m  [1m[34mSELECT "users".* FROM "users" WHERE "users"."email" = $1 LIMIT $2[0m  [["email", "Hello@gmail.com"], ["LIMIT", 1]]
  [1m[36mShortenedUrl Exists? (0.3ms)[0m  [1m[34mSELECT 1 AS one FROM "shortened_urls" WHERE "shortened_urls"."short_url" = $1 LIMIT $2[0m  [["short_url", "N0EIzvJUa82-ZIKa1298hg"], ["LIMIT", 1]]
  ↳ app/models/shortened_url.rb:28:in `random_code'
  [1m[35m (0.1ms)[0m  [1m[35mBEGIN[0m
  ↳ app/models/shortened_url.rb:20:in `shorten'
  [1m[36mShortenedUrl Exists? (0.2ms)[0m  [1m[34mSELECT 1 AS one FROM "shortened_urls" WHERE "shortened_urls"."short_url" = $1 LIMIT $2[0m  [["short_url", "N0EIzvJUa82-ZIKa1298hg"], ["LIMIT", 1]]
  ↳ app/models/shortened_url.rb:20:in `shorten'
  [1m[36mUser Load (0.1ms)[0m  [1m[34mSELECT "users".* FROM "users" WHERE "users"."id" = $1 LIMIT $2[0m  [["id", 1], ["LIMIT", 1]]
  ↳ app/models/shortened_url.rb:20:in `shorten'
  [1m[36mShortenedUrl Create (0.3ms)[0m  [1m[32mINSERT INTO "shortened_urls" ("long_url", "short_url", "user_id", "created_at", "updated_at") VALUES ($1, $2, $3, $4, $5) RETURNING "id"[0m  [["long_url", "wuxiaworld.com"], ["short_url", "N0EIzvJUa82-ZIKa1298hg"], ["user_id", 1], ["created_at", "2019-09-26 22:00:11.728959"], ["updated_at", "2019-09-26 22:00:11.728959"]]
  ↳ app/models/shortened_url.rb:20:in `shorten'
  [1m[35m (2.4ms)[0m  [1m[35mCOMMIT[0m
  ↳ app/models/shortened_url.rb:20:in `shorten'
  [1m[35m (0.1ms)[0m  [1m[35mBEGIN[0m
  ↳ app/models/visit.rb:16:in `record_visit!'
  [1m[36mUser Load (0.3ms)[0m  [1m[34mSELECT "users".* FROM "users" WHERE "users"."id" = $1 LIMIT $2[0m  [["id", 1], ["LIMIT", 1]]
  ↳ app/models/visit.rb:16:in `record_visit!'
  [1m[36mShortenedUrl Load (0.2ms)[0m  [1m[34mSELECT "shortened_urls".* FROM "shortened_urls" WHERE "shortened_urls"."id" = $1 LIMIT $2[0m  [["id", 5], ["LIMIT", 1]]
  ↳ app/models/visit.rb:16:in `record_visit!'
  [1m[36mVisit Create (0.3ms)[0m  [1m[32mINSERT INTO "visits" ("user_id", "shortened_url_id", "created_at", "updated_at") VALUES ($1, $2, $3, $4) RETURNING "id"[0m  [["user_id", 1], ["shortened_url_id", 5], ["created_at", "2019-09-26 22:00:11.763681"], ["updated_at", "2019-09-26 22:00:11.763681"]]
  ↳ app/models/visit.rb:16:in `record_visit!'
  [1m[35m (0.7ms)[0m  [1m[35mCOMMIT[0m
  ↳ app/models/visit.rb:16:in `record_visit!'
  [1m[36mUser Load (0.3ms)[0m  [1m[34mSELECT "users".* FROM "users" WHERE "users"."email" = $1 LIMIT $2[0m  [["email", "Hello@gmail.com"], ["LIMIT", 1]]
  [1m[36mShortenedUrl Exists? (0.3ms)[0m  [1m[34mSELECT 1 AS one FROM "shortened_urls" WHERE "shortened_urls"."short_url" = $1 LIMIT $2[0m  [["short_url", "_M-6B9dnDk2uIco3i8683w"], ["LIMIT", 1]]
  ↳ app/models/shortened_url.rb:28:in `random_code'
  [1m[35m (0.1ms)[0m  [1m[35mBEGIN[0m
  ↳ app/models/shortened_url.rb:20:in `shorten'
  [1m[36mShortenedUrl Exists? (0.7ms)[0m  [1m[34mSELECT 1 AS one FROM "shortened_urls" WHERE "shortened_urls"."short_url" = $1 LIMIT $2[0m  [["short_url", "_M-6B9dnDk2uIco3i8683w"], ["LIMIT", 1]]
  ↳ app/models/shortened_url.rb:20:in `shorten'
  [1m[36mUser Load (0.2ms)[0m  [1m[34mSELECT "users".* FROM "users" WHERE "users"."id" = $1 LIMIT $2[0m  [["id", 1], ["LIMIT", 1]]
  ↳ app/models/shortened_url.rb:20:in `shorten'
  [1m[36mShortenedUrl Create (0.3ms)[0m  [1m[32mINSERT INTO "shortened_urls" ("long_url", "short_url", "user_id", "created_at", "updated_at") VALUES ($1, $2, $3, $4, $5) RETURNING "id"[0m  [["long_url", "mangadex.org"], ["short_url", "_M-6B9dnDk2uIco3i8683w"], ["user_id", 1], ["created_at", "2019-09-26 22:00:54.705337"], ["updated_at", "2019-09-26 22:00:54.705337"]]
  ↳ app/models/shortened_url.rb:20:in `shorten'
  [1m[35m (2.4ms)[0m  [1m[35mCOMMIT[0m
  ↳ app/models/shortened_url.rb:20:in `shorten'
  [1m[35m (0.1ms)[0m  [1m[35mBEGIN[0m
  ↳ app/models/visit.rb:16:in `record_visit!'
  [1m[36mUser Load (0.2ms)[0m  [1m[34mSELECT "users".* FROM "users" WHERE "users"."id" = $1 LIMIT $2[0m  [["id", 1], ["LIMIT", 1]]
  ↳ app/models/visit.rb:16:in `record_visit!'
  [1m[36mShortenedUrl Load (0.2ms)[0m  [1m[34mSELECT "shortened_urls".* FROM "shortened_urls" WHERE "shortened_urls"."id" = $1 LIMIT $2[0m  [["id", 6], ["LIMIT", 1]]
  ↳ app/models/visit.rb:16:in `record_visit!'
  [1m[36mVisit Create (0.4ms)[0m  [1m[32mINSERT INTO "visits" ("user_id", "shortened_url_id", "created_at", "updated_at") VALUES ($1, $2, $3, $4) RETURNING "id"[0m  [["user_id", 1], ["shortened_url_id", 6], ["created_at", "2019-09-26 22:00:54.727336"], ["updated_at", "2019-09-26 22:00:54.727336"]]
  ↳ app/models/visit.rb:16:in `record_visit!'
  [1m[35m (0.7ms)[0m  [1m[35mCOMMIT[0m
  ↳ app/models/visit.rb:16:in `record_visit!'
  [1m[36mUser Load (0.3ms)[0m  [1m[34mSELECT "users".* FROM "users" WHERE "users"."email" = $1 LIMIT $2[0m  [["email", "Hello@gmail.com"], ["LIMIT", 1]]
  [1m[36mShortenedUrl Exists? (0.7ms)[0m  [1m[34mSELECT 1 AS one FROM "shortened_urls" WHERE "shortened_urls"."short_url" = $1 LIMIT $2[0m  [["short_url", "ed3v_cpGh2btdW6Tb5_Ohg"], ["LIMIT", 1]]
  ↳ app/models/shortened_url.rb:28:in `random_code'
  [1m[35m (0.1ms)[0m  [1m[35mBEGIN[0m
  ↳ app/models/shortened_url.rb:20:in `shorten'
  [1m[36mShortenedUrl Exists? (0.2ms)[0m  [1m[34mSELECT 1 AS one FROM "shortened_urls" WHERE "shortened_urls"."short_url" = $1 LIMIT $2[0m  [["short_url", "ed3v_cpGh2btdW6Tb5_Ohg"], ["LIMIT", 1]]
  ↳ app/models/shortened_url.rb:20:in `shorten'
  [1m[36mUser Load (0.2ms)[0m  [1m[34mSELECT "users".* FROM "users" WHERE "users"."id" = $1 LIMIT $2[0m  [["id", 1], ["LIMIT", 1]]
  ↳ app/models/shortened_url.rb:20:in `shorten'
  [1m[36mShortenedUrl Create (0.3ms)[0m  [1m[32mINSERT INTO "shortened_urls" ("long_url", "short_url", "user_id", "created_at", "updated_at") VALUES ($1, $2, $3, $4, $5) RETURNING "id"[0m  [["long_url", "boxnovel.com"], ["short_url", "ed3v_cpGh2btdW6Tb5_Ohg"], ["user_id", 1], ["created_at", "2019-09-26 22:01:29.930965"], ["updated_at", "2019-09-26 22:01:29.930965"]]
  ↳ app/models/shortened_url.rb:20:in `shorten'
  [1m[35m (0.8ms)[0m  [1m[35mCOMMIT[0m
  ↳ app/models/shortened_url.rb:20:in `shorten'
  [1m[35m (0.1ms)[0m  [1m[35mBEGIN[0m
  ↳ app/models/visit.rb:16:in `record_visit!'
  [1m[36mUser Load (0.3ms)[0m  [1m[34mSELECT "users".* FROM "users" WHERE "users"."id" = $1 LIMIT $2[0m  [["id", 1], ["LIMIT", 1]]
  ↳ app/models/visit.rb:16:in `record_visit!'
  [1m[36mShortenedUrl Load (0.2ms)[0m  [1m[34mSELECT "shortened_urls".* FROM "shortened_urls" WHERE "shortened_urls"."id" = $1 LIMIT $2[0m  [["id", 7], ["LIMIT", 1]]
  ↳ app/models/visit.rb:16:in `record_visit!'
  [1m[36mVisit Create (0.5ms)[0m  [1m[32mINSERT INTO "visits" ("user_id", "shortened_url_id", "created_at", "updated_at") VALUES ($1, $2, $3, $4) RETURNING "id"[0m  [["user_id", 1], ["shortened_url_id", 7], ["created_at", "2019-09-26 22:01:29.948705"], ["updated_at", "2019-09-26 22:01:29.948705"]]
  ↳ app/models/visit.rb:16:in `record_visit!'
  [1m[35m (0.7ms)[0m  [1m[35mCOMMIT[0m
  ↳ app/models/visit.rb:16:in `record_visit!'
  [1m[36mUser Load (0.3ms)[0m  [1m[34mSELECT "users".* FROM "users" WHERE "users"."email" = $1 LIMIT $2[0m  [["email", "Hello@gmail.com"], ["LIMIT", 1]]
  [1m[36mShortenedUrl Exists? (0.3ms)[0m  [1m[34mSELECT 1 AS one FROM "shortened_urls" WHERE "shortened_urls"."short_url" = $1 LIMIT $2[0m  [["short_url", "A6JEyKd-ZIlsFLAlb83iNQ"], ["LIMIT", 1]]
  ↳ app/models/shortened_url.rb:28:in `random_code'
  [1m[35m (0.1ms)[0m  [1m[35mBEGIN[0m
  ↳ app/models/shortened_url.rb:20:in `shorten'
  [1m[36mShortenedUrl Exists? (0.2ms)[0m  [1m[34mSELECT 1 AS one FROM "shortened_urls" WHERE "shortened_urls"."short_url" = $1 LIMIT $2[0m  [["short_url", "A6JEyKd-ZIlsFLAlb83iNQ"], ["LIMIT", 1]]
  ↳ app/models/shortened_url.rb:20:in `shorten'
  [1m[36mUser Load (0.2ms)[0m  [1m[34mSELECT "users".* FROM "users" WHERE "users"."id" = $1 LIMIT $2[0m  [["id", 1], ["LIMIT", 1]]
  ↳ app/models/shortened_url.rb:20:in `shorten'
  [1m[36mShortenedUrl Create (0.3ms)[0m  [1m[32mINSERT INTO "shortened_urls" ("long_url", "short_url", "user_id", "created_at", "updated_at") VALUES ($1, $2, $3, $4, $5) RETURNING "id"[0m  [["long_url", "asdf"], ["short_url", "A6JEyKd-ZIlsFLAlb83iNQ"], ["user_id", 1], ["created_at", "2019-09-26 22:03:39.345101"], ["updated_at", "2019-09-26 22:03:39.345101"]]
  ↳ app/models/shortened_url.rb:20:in `shorten'
  [1m[35m (2.4ms)[0m  [1m[35mCOMMIT[0m
  ↳ app/models/shortened_url.rb:20:in `shorten'
  [1m[35m (0.1ms)[0m  [1m[35mBEGIN[0m
  ↳ app/models/visit.rb:16:in `record_visit!'
  [1m[36mUser Load (0.2ms)[0m  [1m[34mSELECT "users".* FROM "users" WHERE "users"."id" = $1 LIMIT $2[0m  [["id", 1], ["LIMIT", 1]]
  ↳ app/models/visit.rb:16:in `record_visit!'
  [1m[36mShortenedUrl Load (0.2ms)[0m  [1m[34mSELECT "shortened_urls".* FROM "shortened_urls" WHERE "shortened_urls"."id" = $1 LIMIT $2[0m  [["id", 8], ["LIMIT", 1]]
  ↳ app/models/visit.rb:16:in `record_visit!'
  [1m[36mVisit Create (0.6ms)[0m  [1m[32mINSERT INTO "visits" ("user_id", "shortened_url_id", "created_at", "updated_at") VALUES ($1, $2, $3, $4) RETURNING "id"[0m  [["user_id", 1], ["shortened_url_id", 8], ["created_at", "2019-09-26 22:03:39.358741"], ["updated_at", "2019-09-26 22:03:39.358741"]]
  ↳ app/models/visit.rb:16:in `record_visit!'
  [1m[35m (0.9ms)[0m  [1m[35mCOMMIT[0m
  ↳ app/models/visit.rb:16:in `record_visit!'
  [1m[36mUser Load (0.3ms)[0m  [1m[34mSELECT "users".* FROM "users" WHERE "users"."email" = $1 LIMIT $2[0m  [["email", "Hello@gmail.com"], ["LIMIT", 1]]
  [1m[36mShortenedUrl Exists? (0.3ms)[0m  [1m[34mSELECT 1 AS one FROM "shortened_urls" WHERE "shortened_urls"."short_url" = $1 LIMIT $2[0m  [["short_url", "Iad3EdWW3YMgz0a41tVmCA"], ["LIMIT", 1]]
  ↳ app/models/shortened_url.rb:28:in `random_code'
  [1m[35m (0.1ms)[0m  [1m[35mBEGIN[0m
  ↳ app/models/shortened_url.rb:20:in `shorten'
  [1m[36mShortenedUrl Exists? (0.2ms)[0m  [1m[34mSELECT 1 AS one FROM "shortened_urls" WHERE "shortened_urls"."short_url" = $1 LIMIT $2[0m  [["short_url", "Iad3EdWW3YMgz0a41tVmCA"], ["LIMIT", 1]]
  ↳ app/models/shortened_url.rb:20:in `shorten'
  [1m[36mUser Load (0.2ms)[0m  [1m[34mSELECT "users".* FROM "users" WHERE "users"."id" = $1 LIMIT $2[0m  [["id", 1], ["LIMIT", 1]]
  ↳ app/models/shortened_url.rb:20:in `shorten'
  [1m[36mShortenedUrl Create (0.3ms)[0m  [1m[32mINSERT INTO "shortened_urls" ("long_url", "short_url", "user_id", "created_at", "updated_at") VALUES ($1, $2, $3, $4, $5) RETURNING "id"[0m  [["long_url", "asdf"], ["short_url", "Iad3EdWW3YMgz0a41tVmCA"], ["user_id", 1], ["created_at", "2019-09-26 22:04:56.308375"], ["updated_at", "2019-09-26 22:04:56.308375"]]
  ↳ app/models/shortened_url.rb:20:in `shorten'
  [1m[35m (2.4ms)[0m  [1m[35mCOMMIT[0m
  ↳ app/models/shortened_url.rb:20:in `shorten'
  [1m[35m (0.1ms)[0m  [1m[35mBEGIN[0m
  ↳ app/models/visit.rb:16:in `record_visit!'
  [1m[36mUser Load (0.2ms)[0m  [1m[34mSELECT "users".* FROM "users" WHERE "users"."id" = $1 LIMIT $2[0m  [["id", 1], ["LIMIT", 1]]
  ↳ app/models/visit.rb:16:in `record_visit!'
  [1m[36mShortenedUrl Load (0.1ms)[0m  [1m[34mSELECT "shortened_urls".* FROM "shortened_urls" WHERE "shortened_urls"."id" = $1 LIMIT $2[0m  [["id", 9], ["LIMIT", 1]]
  ↳ app/models/visit.rb:16:in `record_visit!'
  [1m[36mVisit Create (0.3ms)[0m  [1m[32mINSERT INTO "visits" ("user_id", "shortened_url_id", "created_at", "updated_at") VALUES ($1, $2, $3, $4) RETURNING "id"[0m  [["user_id", 1], ["shortened_url_id", 9], ["created_at", "2019-09-26 22:04:56.321734"], ["updated_at", "2019-09-26 22:04:56.321734"]]
  ↳ app/models/visit.rb:16:in `record_visit!'
  [1m[35m (0.6ms)[0m  [1m[35mCOMMIT[0m
  ↳ app/models/visit.rb:16:in `record_visit!'
  [1m[36mUser Load (0.2ms)[0m  [1m[34mSELECT "users".* FROM "users" WHERE "users"."email" = $1 LIMIT $2[0m  [["email", "Hello@gmail.com"], ["LIMIT", 1]]
  [1m[36mShortenedUrl Exists? (0.3ms)[0m  [1m[34mSELECT 1 AS one FROM "shortened_urls" WHERE "shortened_urls"."short_url" = $1 LIMIT $2[0m  [["short_url", "T18_oThV2q8BjjE52isiow"], ["LIMIT", 1]]
  ↳ app/models/shortened_url.rb:28:in `random_code'
  [1m[35m (0.1ms)[0m  [1m[35mBEGIN[0m
  ↳ app/models/shortened_url.rb:20:in `shorten'
  [1m[36mShortenedUrl Exists? (0.2ms)[0m  [1m[34mSELECT 1 AS one FROM "shortened_urls" WHERE "shortened_urls"."short_url" = $1 LIMIT $2[0m  [["short_url", "T18_oThV2q8BjjE52isiow"], ["LIMIT", 1]]
  ↳ app/models/shortened_url.rb:20:in `shorten'
  [1m[36mUser Load (0.1ms)[0m  [1m[34mSELECT "users".* FROM "users" WHERE "users"."id" = $1 LIMIT $2[0m  [["id", 1], ["LIMIT", 1]]
  ↳ app/models/shortened_url.rb:20:in `shorten'
  [1m[36mShortenedUrl Create (0.2ms)[0m  [1m[32mINSERT INTO "shortened_urls" ("long_url", "short_url", "user_id", "created_at", "updated_at") VALUES ($1, $2, $3, $4, $5) RETURNING "id"[0m  [["long_url", "google.com"], ["short_url", "T18_oThV2q8BjjE52isiow"], ["user_id", 1], ["created_at", "2019-09-26 22:05:08.890757"], ["updated_at", "2019-09-26 22:05:08.890757"]]
  ↳ app/models/shortened_url.rb:20:in `shorten'
  [1m[35m (0.9ms)[0m  [1m[35mCOMMIT[0m
  ↳ app/models/shortened_url.rb:20:in `shorten'
  [1m[35m (0.2ms)[0m  [1m[35mBEGIN[0m
  ↳ app/models/visit.rb:16:in `record_visit!'
  [1m[36mUser Load (0.3ms)[0m  [1m[34mSELECT "users".* FROM "users" WHERE "users"."id" = $1 LIMIT $2[0m  [["id", 1], ["LIMIT", 1]]
  ↳ app/models/visit.rb:16:in `record_visit!'
  [1m[36mShortenedUrl Load (0.2ms)[0m  [1m[34mSELECT "shortened_urls".* FROM "shortened_urls" WHERE "shortened_urls"."id" = $1 LIMIT $2[0m  [["id", 10], ["LIMIT", 1]]
  ↳ app/models/visit.rb:16:in `record_visit!'
  [1m[36mVisit Create (0.4ms)[0m  [1m[32mINSERT INTO "visits" ("user_id", "shortened_url_id", "created_at", "updated_at") VALUES ($1, $2, $3, $4) RETURNING "id"[0m  [["user_id", 1], ["shortened_url_id", 10], ["created_at", "2019-09-26 22:05:08.927847"], ["updated_at", "2019-09-26 22:05:08.927847"]]
  ↳ app/models/visit.rb:16:in `record_visit!'
  [1m[35m (0.7ms)[0m  [1m[35mCOMMIT[0m
  ↳ app/models/visit.rb:16:in `record_visit!'
  [1m[36mUser Load (0.2ms)[0m  [1m[34mSELECT "users".* FROM "users" WHERE "users"."email" = $1 LIMIT $2[0m  [["email", "Hello@gmail.com"], ["LIMIT", 1]]
  [1m[36mShortenedUrl Exists? (0.2ms)[0m  [1m[34mSELECT 1 AS one FROM "shortened_urls" WHERE "shortened_urls"."short_url" = $1 LIMIT $2[0m  [["short_url", "1pZ7UgS-r2_CJolNwvmnxg"], ["LIMIT", 1]]
  ↳ app/models/shortened_url.rb:28:in `random_code'
  [1m[35m (0.1ms)[0m  [1m[35mBEGIN[0m
  ↳ app/models/shortened_url.rb:20:in `shorten'
  [1m[36mShortenedUrl Exists? (0.2ms)[0m  [1m[34mSELECT 1 AS one FROM "shortened_urls" WHERE "shortened_urls"."short_url" = $1 LIMIT $2[0m  [["short_url", "1pZ7UgS-r2_CJolNwvmnxg"], ["LIMIT", 1]]
  ↳ app/models/shortened_url.rb:20:in `shorten'
  [1m[36mUser Load (0.1ms)[0m  [1m[34mSELECT "users".* FROM "users" WHERE "users"."id" = $1 LIMIT $2[0m  [["id", 1], ["LIMIT", 1]]
  ↳ app/models/shortened_url.rb:20:in `shorten'
  [1m[36mShortenedUrl Create (0.2ms)[0m  [1m[32mINSERT INTO "shortened_urls" ("long_url", "short_url", "user_id", "created_at", "updated_at") VALUES ($1, $2, $3, $4, $5) RETURNING "id"[0m  [["long_url", "wuxiaworld.com"], ["short_url", "1pZ7UgS-r2_CJolNwvmnxg"], ["user_id", 1], ["created_at", "2019-09-26 22:06:08.563497"], ["updated_at", "2019-09-26 22:06:08.563497"]]
  ↳ app/models/shortened_url.rb:20:in `shorten'
  [1m[35m (2.2ms)[0m  [1m[35mCOMMIT[0m
  ↳ app/models/shortened_url.rb:20:in `shorten'
  [1m[35m (0.3ms)[0m  [1m[35mBEGIN[0m
  ↳ app/models/visit.rb:16:in `record_visit!'
  [1m[36mUser Load (0.5ms)[0m  [1m[34mSELECT "users".* FROM "users" WHERE "users"."id" = $1 LIMIT $2[0m  [["id", 1], ["LIMIT", 1]]
  ↳ app/models/visit.rb:16:in `record_visit!'
  [1m[36mShortenedUrl Load (0.4ms)[0m  [1m[34mSELECT "shortened_urls".* FROM "shortened_urls" WHERE "shortened_urls"."id" = $1 LIMIT $2[0m  [["id", 11], ["LIMIT", 1]]
  ↳ app/models/visit.rb:16:in `record_visit!'
  [1m[36mVisit Create (0.5ms)[0m  [1m[32mINSERT INTO "visits" ("user_id", "shortened_url_id", "created_at", "updated_at") VALUES ($1, $2, $3, $4) RETURNING "id"[0m  [["user_id", 1], ["shortened_url_id", 11], ["created_at", "2019-09-26 22:06:08.611249"], ["updated_at", "2019-09-26 22:06:08.611249"]]
  ↳ app/models/visit.rb:16:in `record_visit!'
  [1m[35m (0.8ms)[0m  [1m[35mCOMMIT[0m
  ↳ app/models/visit.rb:16:in `record_visit!'
  [1m[35m (0.2ms)[0m  [1m[34mSELECT pg_try_advisory_lock(4762635147840476445)[0m
  [1m[35m (0.6ms)[0m  [1m[34mSELECT "schema_migrations"."version" FROM "schema_migrations" ORDER BY "schema_migrations"."version" ASC[0m
Migrating to CreateTagTopics (20190926221414)
  [1m[35m (0.1ms)[0m  [1m[35mBEGIN[0m
  [1m[35m (11.0ms)[0m  [1m[35mCREATE TABLE "tag_topics" ("id" bigserial primary key, "topic" character varying NOT NULL, "created_at" timestamp(6) NOT NULL, "updated_at" timestamp(6) NOT NULL)[0m
  [1m[35m (1.2ms)[0m  [1m[35mCREATE  INDEX  "index_tag_topics_on_topic" ON "tag_topics"  ("topic")[0m
  [1m[36mprimary::SchemaMigration Create (0.2ms)[0m  [1m[32mINSERT INTO "schema_migrations" ("version") VALUES ($1) RETURNING "version"[0m  [["version", "20190926221414"]]
  [1m[35m (1.0ms)[0m  [1m[35mCOMMIT[0m
  [1m[36mActiveRecord::InternalMetadata Load (0.2ms)[0m  [1m[34mSELECT "ar_internal_metadata".* FROM "ar_internal_metadata" WHERE "ar_internal_metadata"."key" = $1 LIMIT $2[0m  [["key", "environment"], ["LIMIT", 1]]
  [1m[35m (0.2ms)[0m  [1m[34mSELECT pg_advisory_unlock(4762635147840476445)[0m
  [1m[35m (0.4ms)[0m  [1m[34mSELECT "schema_migrations"."version" FROM "schema_migrations" ORDER BY "schema_migrations"."version" ASC[0m
  [1m[35m (0.1ms)[0m  [1m[34mSELECT pg_try_advisory_lock(4762635147840476445)[0m
  [1m[35m (0.3ms)[0m  [1m[34mSELECT "schema_migrations"."version" FROM "schema_migrations" ORDER BY "schema_migrations"."version" ASC[0m
Migrating to CreateTaggings (20190926230116)
  [1m[35m (0.1ms)[0m  [1m[35mBEGIN[0m
  [1m[35m (4.3ms)[0m  [1m[35mCREATE TABLE "taggings" ("id" bigserial primary key, "tag_topic_id" integer NOT NULL, "url_id" integer NOT NULL, "created_at" timestamp(6) NOT NULL, "updated_at" timestamp(6) NOT NULL)[0m
  [1m[35m (1.3ms)[0m  [1m[35mCREATE  INDEX  "index_taggings_on_tag_topic_id" ON "taggings"  ("tag_topic_id")[0m
  [1m[35m (1.1ms)[0m  [1m[35mCREATE  INDEX  "index_taggings_on_url_id" ON "taggings"  ("url_id")[0m
  [1m[36mprimary::SchemaMigration Create (0.2ms)[0m  [1m[32mINSERT INTO "schema_migrations" ("version") VALUES ($1) RETURNING "version"[0m  [["version", "20190926230116"]]
  [1m[35m (1.0ms)[0m  [1m[35mCOMMIT[0m
  [1m[36mActiveRecord::InternalMetadata Load (0.1ms)[0m  [1m[34mSELECT "ar_internal_metadata".* FROM "ar_internal_metadata" WHERE "ar_internal_metadata"."key" = $1 LIMIT $2[0m  [["key", "environment"], ["LIMIT", 1]]
  [1m[35m (0.1ms)[0m  [1m[34mSELECT pg_advisory_unlock(4762635147840476445)[0m
  [1m[35m (0.3ms)[0m  [1m[34mSELECT "schema_migrations"."version" FROM "schema_migrations" ORDER BY "schema_migrations"."version" ASC[0m
  [1m[35m (0.3ms)[0m  [1m[34mSELECT "schema_migrations"."version" FROM "schema_migrations" ORDER BY "schema_migrations"."version" ASC[0m
  [1m[35m (0.2ms)[0m  [1m[34mSELECT pg_try_advisory_lock(4762635147840476445)[0m
  [1m[35m (0.3ms)[0m  [1m[34mSELECT "schema_migrations"."version" FROM "schema_migrations" ORDER BY "schema_migrations"."version" ASC[0m
Migrating to AddIndexToTaggings (20190926231111)
  [1m[35m (0.1ms)[0m  [1m[35mBEGIN[0m
  [1m[35m (2.1ms)[0m  [1m[35mCREATE UNIQUE INDEX  "index_taggings_on_tag_topic_id_and_url_id" ON "taggings"  ("tag_topic_id", "url_id")[0m
  [1m[36mprimary::SchemaMigration Create (0.2ms)[0m  [1m[32mINSERT INTO "schema_migrations" ("version") VALUES ($1) RETURNING "version"[0m  [["version", "20190926231111"]]
  [1m[35m (0.9ms)[0m  [1m[35mCOMMIT[0m
  [1m[36mActiveRecord::InternalMetadata Load (0.2ms)[0m  [1m[34mSELECT "ar_internal_metadata".* FROM "ar_internal_metadata" WHERE "ar_internal_metadata"."key" = $1 LIMIT $2[0m  [["key", "environment"], ["LIMIT", 1]]
  [1m[35m (0.2ms)[0m  [1m[34mSELECT pg_advisory_unlock(4762635147840476445)[0m
  [1m[35m (0.3ms)[0m  [1m[34mSELECT "schema_migrations"."version" FROM "schema_migrations" ORDER BY "schema_migrations"."version" ASC[0m
  [1m[35m (0.4ms)[0m  [1m[34mSELECT * FROM users[0m
  [1m[35m (0.5ms)[0m  [1m[34mSELECT * FROM users[0m
  [1m[35m (0.5ms)[0m  [1m[34mSELECT * FROM users[0m
  [1m[36mShortenedUrl Load (0.3ms)[0m  [1m[34mSELECT "shortened_urls".* FROM "shortened_urls"[0m
  [1m[36mShortenedUrl Load (0.5ms)[0m  [1m[34mSELECT "shortened_urls".* FROM "shortened_urls" WHERE "shortened_urls"."id" = $1 LIMIT $2[0m  [["id", 5], ["LIMIT", 1]]
  [1m[36mShortenedUrl Load (0.6ms)[0m  [1m[34mSELECT "shortened_urls".* FROM "shortened_urls" WHERE "shortened_urls"."id" = $1 LIMIT $2[0m  [["id", 5], ["LIMIT", 1]]
  [1m[35m (0.2ms)[0m  [1m[35mBEGIN[0m
  [1m[36mTagTopic Create (2.1ms)[0m  [1m[32mINSERT INTO "tag_topics" ("topic", "created_at", "updated_at") VALUES ($1, $2, $3) RETURNING "id"[0m  [["topic", "Chinese Novels"], ["created_at", "2019-09-27 00:30:16.195879"], ["updated_at", "2019-09-27 00:30:16.195879"]]
  [1m[35m (0.9ms)[0m  [1m[35mCOMMIT[0m
  [1m[35m (0.2ms)[0m  [1m[35mBEGIN[0m
  [1m[36mTagging Exists? (1.8ms)[0m  [1m[34mSELECT 1 AS one FROM "taggings" WHERE "taggings"."tag_topic_id" = $1 AND "taggings"."url_id" = $2 LIMIT $3[0m  [["tag_topic_id", 1], ["url_id", 5], ["LIMIT", 1]]
  [1m[36mTagTopic Load (0.4ms)[0m  [1m[34mSELECT "tag_topics".* FROM "tag_topics" WHERE "tag_topics"."id" = $1 LIMIT $2[0m  [["id", 1], ["LIMIT", 1]]
  [1m[36mShortenedUrl Load (0.4ms)[0m  [1m[34mSELECT "shortened_urls".* FROM "shortened_urls" WHERE "shortened_urls"."id" = $1 LIMIT $2[0m  [["id", 5], ["LIMIT", 1]]
  [1m[36mTagging Create (0.8ms)[0m  [1m[32mINSERT INTO "taggings" ("tag_topic_id", "url_id", "created_at", "updated_at") VALUES ($1, $2, $3, $4) RETURNING "id"[0m  [["tag_topic_id", 1], ["url_id", 5], ["created_at", "2019-09-27 00:30:29.599022"], ["updated_at", "2019-09-27 00:30:29.599022"]]
  [1m[35m (0.7ms)[0m  [1m[35mCOMMIT[0m
  [1m[36mTagging Load (0.5ms)[0m  [1m[34mSELECT "taggings".* FROM "taggings" WHERE "taggings"."tag_topic_id" = $1[0m  [["tag_topic_id", 1]]
  [1m[36mShortenedUrl Load (0.3ms)[0m  [1m[34mSELECT "shortened_urls".* FROM "shortened_urls" INNER JOIN "taggings" ON "shortened_urls"."id" = "taggings"."url_id" WHERE "taggings"."tag_topic_id" = $1[0m  [["tag_topic_id", 1]]
  [1m[36mVisit Load (0.4ms)[0m  [1m[34mSELECT "visits".* FROM "visits"[0m
  [1m[36mVisit Load (1.4ms)[0m  [1m[34mSELECT COUNT(*) as num_likes, short_url FROM "visits"[0m
  [1m[36mVisit Load (1.1ms)[0m  [1m[34mSELECT COUNT(*) as num_likes, short_url FROM "visits" LIMIT $1[0m  [["LIMIT", 11]]
  [1m[36mVisit Load (1.1ms)[0m  [1m[34mSELECT COUNT(*) as num_likes, short_url FROM "visits"[0m
  [1m[36mVisit Load (1.0ms)[0m  [1m[34mSELECT COUNT(*) as num_likes, short_url FROM "visits" LIMIT $1[0m  [["LIMIT", 11]]
DEPRECATION WARNING: Dangerous query method (method whose arguments are used as raw SQL) called with non-attribute argument(s): "COUNT(*) DESC". Non-attribute arguments will be disallowed in Rails 6.1. This method should not be called with user-provided values, such as request parameters or model attributes. Known-safe values can be passed by wrapping them in Arel.sql(). (called from __pry__ at (pry):52)
  [1m[36mVisit Load (1.3ms)[0m  [1m[34mSELECT COUNT(*) AS num_likes, short_url FROM "visits"[0m
  [1m[36mVisit Load (1.2ms)[0m  [1m[34mSELECT COUNT(*) AS num_likes, short_url FROM "visits" LIMIT $1[0m  [["LIMIT", 11]]
  [1m[36mVisit Load (1.2ms)[0m  [1m[34mSELECT COUNT(*) AS num_likes, short_url FROM "visits" LIMIT $1[0m  [["LIMIT", 11]]
  [1m[36mVisit Load (1.2ms)[0m  [1m[34mSELECT COUNT(*) AS num_likes, short_url FROM "visits"[0m
  [1m[36mVisit Load (1.2ms)[0m  [1m[34mSELECT COUNT(*) AS num_likes, short_url FROM "visits" LIMIT $1[0m  [["LIMIT", 11]]
  [1m[36mTagTopic Load (0.2ms)[0m  [1m[34mSELECT "tag_topics".* FROM "tag_topics" ORDER BY "tag_topics"."id" ASC LIMIT $1[0m  [["LIMIT", 1]]
  [1m[36mTagTopic Load (0.5ms)[0m  [1m[34mSELECT "tag_topics".* FROM "tag_topics" ORDER BY "tag_topics"."id" ASC LIMIT $1[0m  [["LIMIT", 1]]
DEPRECATION WARNING: Dangerous query method (method whose arguments are used as raw SQL) called with non-attribute argument(s): "COUNT(*) DESC". Non-attribute arguments will be disallowed in Rails 6.1. This method should not be called with user-provided values, such as request parameters or model attributes. Known-safe values can be passed by wrapping them in Arel.sql(). (called from popular_links at /home/hourai/Desktop/aA-W3D3/URLShortener/app/models/tag_topic.rb:19)
  [1m[36mTagTopic Load (0.5ms)[0m  [1m[34mSELECT "tag_topics".* FROM "tag_topics" ORDER BY "tag_topics"."id" ASC LIMIT $1[0m  [["LIMIT", 1]]
DEPRECATION WARNING: Dangerous query method (method whose arguments are used as raw SQL) called with non-attribute argument(s): "COUNT(*) DESC". Non-attribute arguments will be disallowed in Rails 6.1. This method should not be called with user-provided values, such as request parameters or model attributes. Known-safe values can be passed by wrapping them in Arel.sql(). (called from popular_links at /home/hourai/Desktop/aA-W3D3/URLShortener/app/models/tag_topic.rb:19)
  [1m[36mTagTopic Load (0.5ms)[0m  [1m[34mSELECT "tag_topics".* FROM "tag_topics" ORDER BY "tag_topics"."id" ASC LIMIT $1[0m  [["LIMIT", 1]]
DEPRECATION WARNING: Dangerous query method (method whose arguments are used as raw SQL) called with non-attribute argument(s): "COUNT(*) DESC". Non-attribute arguments will be disallowed in Rails 6.1. This method should not be called with user-provided values, such as request parameters or model attributes. Known-safe values can be passed by wrapping them in Arel.sql(). (called from popular_links at /home/hourai/Desktop/aA-W3D3/URLShortener/app/models/tag_topic.rb:19)
  [1m[36mTagTopic Load (0.5ms)[0m  [1m[34mSELECT "tag_topics".* FROM "tag_topics" ORDER BY "tag_topics"."id" ASC LIMIT $1[0m  [["LIMIT", 1]]
DEPRECATION WARNING: Dangerous query method (method whose arguments are used as raw SQL) called with non-attribute argument(s): "COUNT(*) DESC". Non-attribute arguments will be disallowed in Rails 6.1. This method should not be called with user-provided values, such as request parameters or model attributes. Known-safe values can be passed by wrapping them in Arel.sql(). (called from popular_links at /home/hourai/Desktop/aA-W3D3/URLShortener/app/models/tag_topic.rb:19)
  [1m[36mTagTopic Load (0.1ms)[0m  [1m[34mSELECT "tag_topics".* FROM "tag_topics" ORDER BY "tag_topics"."id" ASC LIMIT $1[0m  [["LIMIT", 1]]
  [1m[36mTagTopic Load (0.5ms)[0m  [1m[34mSELECT "tag_topics".* FROM "tag_topics" ORDER BY "tag_topics"."id" ASC LIMIT $1[0m  [["LIMIT", 1]]
  [1m[36mShortenedUrl Load (1.1ms)[0m  [1m[34mSELECT "shortened_urls".* FROM "shortened_urls" INNER JOIN "taggings" ON "shortened_urls"."id" = "taggings"."url_id" WHERE "taggings"."tag_topic_id" = $1[0m  [["tag_topic_id", 1]]
DEPRECATION WARNING: Dangerous query method (method whose arguments are used as raw SQL) called with non-attribute argument(s): "COUNT(*) DESC". Non-attribute arguments will be disallowed in Rails 6.1. This method should not be called with user-provided values, such as request parameters or model attributes. Known-safe values can be passed by wrapping them in Arel.sql(). (called from popular_links at /home/hourai/Desktop/aA-W3D3/URLShortener/app/models/tag_topic.rb:19)
  [1m[36mTagTopic Load (0.5ms)[0m  [1m[34mSELECT "tag_topics".* FROM "tag_topics" ORDER BY "tag_topics"."id" ASC LIMIT $1[0m  [["LIMIT", 1]]
  [1m[36mShortenedUrl Load (0.6ms)[0m  [1m[34mSELECT "shortened_urls".* FROM "shortened_urls" INNER JOIN "taggings" ON "shortened_urls"."id" = "taggings"."url_id" WHERE "taggings"."tag_topic_id" = $1[0m  [["tag_topic_id", 1]]
DEPRECATION WARNING: Dangerous query method (method whose arguments are used as raw SQL) called with non-attribute argument(s): "COUNT(*) DESC". Non-attribute arguments will be disallowed in Rails 6.1. This method should not be called with user-provided values, such as request parameters or model attributes. Known-safe values can be passed by wrapping them in Arel.sql(). (called from popular_links at /home/hourai/Desktop/aA-W3D3/URLShortener/app/models/tag_topic.rb:19)
  [1m[36mTagTopic Load (0.5ms)[0m  [1m[34mSELECT "tag_topics".* FROM "tag_topics" ORDER BY "tag_topics"."id" ASC LIMIT $1[0m  [["LIMIT", 1]]
  [1m[36mShortenedUrl Load (0.7ms)[0m  [1m[34mSELECT "shortened_urls".* FROM "shortened_urls" INNER JOIN "taggings" ON "shortened_urls"."id" = "taggings"."url_id" WHERE "taggings"."tag_topic_id" = $1[0m  [["tag_topic_id", 1]]
DEPRECATION WARNING: Dangerous query method (method whose arguments are used as raw SQL) called with non-attribute argument(s): "COUNT(*) DESC". Non-attribute arguments will be disallowed in Rails 6.1. This method should not be called with user-provided values, such as request parameters or model attributes. Known-safe values can be passed by wrapping them in Arel.sql(). (called from popular_links at /home/hourai/Desktop/aA-W3D3/URLShortener/app/models/tag_topic.rb:19)
  [1m[36mTagTopic Load (0.1ms)[0m  [1m[34mSELECT "tag_topics".* FROM "tag_topics" ORDER BY "tag_topics"."id" ASC LIMIT $1[0m  [["LIMIT", 1]]
  [1m[36mShortenedUrl Load (0.2ms)[0m  [1m[34mSELECT "shortened_urls".* FROM "shortened_urls" INNER JOIN "taggings" ON "shortened_urls"."id" = "taggings"."url_id" WHERE "taggings"."tag_topic_id" = $1[0m  [["tag_topic_id", 1]]
  [1m[36mTagTopic Load (0.2ms)[0m  [1m[34mSELECT "tag_topics".* FROM "tag_topics" ORDER BY "tag_topics"."id" ASC LIMIT $1[0m  [["LIMIT", 1]]
  [1m[36mShortenedUrl Load (0.3ms)[0m  [1m[34mSELECT "shortened_urls".* FROM "shortened_urls" INNER JOIN "taggings" ON "shortened_urls"."id" = "taggings"."url_id" WHERE "taggings"."tag_topic_id" = $1[0m  [["tag_topic_id", 1]]
  [1m[36mShortenedUrl Load (0.2ms)[0m  [1m[34mSELECT "shortened_urls".* FROM "shortened_urls" LIMIT $1[0m  [["LIMIT", 11]]
  [1m[36mShortenedUrl Load (0.2ms)[0m  [1m[34mSELECT "shortened_urls".* FROM "shortened_urls"[0m
  [1m[36mTagTopic Load (0.1ms)[0m  [1m[34mSELECT "tag_topics".* FROM "tag_topics" ORDER BY "tag_topics"."id" ASC LIMIT $1[0m  [["LIMIT", 1]]
  [1m[36mShortenedUrl Load (0.3ms)[0m  [1m[34mSELECT "shortened_urls".* FROM "shortened_urls" INNER JOIN "taggings" ON "shortened_urls"."id" = "taggings"."url_id" WHERE "taggings"."tag_topic_id" = $1[0m  [["tag_topic_id", 1]]
  [1m[36mTagTopic Load (0.3ms)[0m  [1m[34mSELECT "tag_topics".* FROM "tag_topics" ORDER BY "tag_topics"."id" ASC LIMIT $1[0m  [["LIMIT", 1]]
  [1m[36mShortenedUrl Load (0.3ms)[0m  [1m[34mSELECT "shortened_urls".* FROM "shortened_urls" INNER JOIN "taggings" ON "shortened_urls"."id" = "taggings"."url_id" WHERE "taggings"."tag_topic_id" = $1 LIMIT $2[0m  [["tag_topic_id", 1], ["LIMIT", 11]]
  [1m[36mShortenedUrl Load (0.2ms)[0m  [1m[34mSELECT "shortened_urls".* FROM "shortened_urls" INNER JOIN "taggings" ON "shortened_urls"."id" = "taggings"."url_id" WHERE "taggings"."tag_topic_id" = $1[0m  [["tag_topic_id", 1]]
  [1m[36mTagTopic Load (0.5ms)[0m  [1m[34mSELECT "tag_topics".* FROM "tag_topics" ORDER BY "tag_topics"."id" ASC LIMIT $1[0m  [["LIMIT", 1]]
  [1m[36mShortenedUrl Load (0.6ms)[0m  [1m[34mSELECT "shortened_urls".* FROM "shortened_urls" INNER JOIN "taggings" ON "shortened_urls"."id" = "taggings"."url_id" WHERE "taggings"."tag_topic_id" = $1 LIMIT $2[0m  [["tag_topic_id", 1], ["LIMIT", 11]]
  [1m[36mShortenedUrl Load (0.4ms)[0m  [1m[34mSELECT "shortened_urls".* FROM "shortened_urls" INNER JOIN "taggings" ON "shortened_urls"."id" = "taggings"."url_id" WHERE "taggings"."tag_topic_id" = $1[0m  [["tag_topic_id", 1]]
  [1m[36mTagTopic Load (0.2ms)[0m  [1m[34mSELECT "tag_topics".* FROM "tag_topics" ORDER BY "tag_topics"."id" ASC LIMIT $1[0m  [["LIMIT", 1]]
  [1m[36mShortenedUrl Load (0.2ms)[0m  [1m[34mSELECT "shortened_urls".* FROM "shortened_urls" INNER JOIN "taggings" ON "shortened_urls"."id" = "taggings"."url_id" WHERE "taggings"."tag_topic_id" = $1[0m  [["tag_topic_id", 1]]
  [1m[36mTagTopic Load (0.5ms)[0m  [1m[34mSELECT "tag_topics".* FROM "tag_topics" ORDER BY "tag_topics"."id" ASC LIMIT $1[0m  [["LIMIT", 1]]
  [1m[36mShortenedUrl Load (0.3ms)[0m  [1m[34mSELECT "shortened_urls".* FROM "shortened_urls" INNER JOIN "taggings" ON "shortened_urls"."id" = "taggings"."url_id" WHERE "taggings"."tag_topic_id" = $1[0m  [["tag_topic_id", 1]]
  [1m[36mVisit Load (1.4ms)[0m  [1m[34mSELECT "visits".* FROM "visits" tagtopics[0m
  [1m[36mVisit Load (1.4ms)[0m  [1m[34mSELECT "visits".* FROM "visits" tagtopics LIMIT $1[0m  [["LIMIT", 11]]
  [1m[36mVisit Load (1.2ms)[0m  [1m[34mSELECT "visits".* FROM "visits" tagtopics[0m
  [1m[36mVisit Load (1.1ms)[0m  [1m[34mSELECT "visits".* FROM "visits" tagtopics LIMIT $1[0m  [["LIMIT", 11]]
  [1m[36mVisit Load (1.2ms)[0m  [1m[34mSELECT "visits".* FROM "visits" tagtopics LIMIT $1[0m  [["LIMIT", 11]]
  [1m[36mVisit Load (0.6ms)[0m  [1m[34mSELECT "visits".* FROM "visits" tag_topics[0m
  [1m[36mVisit Load (0.5ms)[0m  [1m[34mSELECT "visits".* FROM "visits" tag_topics LIMIT $1[0m  [["LIMIT", 11]]
  [1m[36mVisit Load (1.3ms)[0m  [1m[34mSELECT "visits".* FROM "visits" tag_topics LIMIT $1[0m  [["LIMIT", 11]]
  [1m[36mTagTopic Load (0.7ms)[0m  [1m[34mSELECT "tag_topics".* FROM "tag_topics" INNER JOIN "taggings" ON "taggings"."tag_topic_id" = "tag_topics"."id" WHERE (tag_topics.id = NULL)[0m
  [1m[36mTagTopic Load (0.6ms)[0m  [1m[34mSELECT "tag_topics".* FROM "tag_topics" INNER JOIN "taggings" ON "taggings"."tag_topic_id" = "tag_topics"."id" WHERE (tag_topics.id = NULL)[0m
  [1m[36mTagTopic Load (0.5ms)[0m  [1m[34mSELECT "tag_topics".* FROM "tag_topics" ORDER BY "tag_topics"."id" ASC LIMIT $1[0m  [["LIMIT", 1]]
  [1m[36mTagTopic Load (0.8ms)[0m  [1m[34mSELECT "tag_topics".* FROM "tag_topics" INNER JOIN "taggings" ON "taggings"."tag_topic_id" = "tag_topics"."id" WHERE (tag_topics.id = 1)[0m
  [1m[36mTagTopic Load (0.7ms)[0m  [1m[34mSELECT tagging.url_id FROM "tag_topics" INNER JOIN "taggings" ON "taggings"."tag_topic_id" = "tag_topics"."id" WHERE (tag_topics.id = 1)[0m
  [1m[36mTagTopic Load (0.6ms)[0m  [1m[34mSELECT tagging.url_id FROM "tag_topics" INNER JOIN "taggings" ON "taggings"."tag_topic_id" = "tag_topics"."id" WHERE (tag_topics.id = 1) LIMIT $1[0m  [["LIMIT", 11]]
  [1m[36mTagTopic Load (1.3ms)[0m  [1m[34mSELECT tagging.url_id FROM "tag_topics" INNER JOIN "taggings" ON "taggings"."tag_topic_id" = "tag_topics"."id" WHERE (tag_topics.id = 1) LIMIT $1[0m  [["LIMIT", 11]]
  [1m[36mTagTopic Load (0.7ms)[0m  [1m[34mSELECT "tag_topics".* FROM "tag_topics" ORDER BY "tag_topics"."id" ASC LIMIT $1[0m  [["LIMIT", 1]]
  [1m[36mTagTopic Load (0.5ms)[0m  [1m[34mSELECT "tag_topics".* FROM "tag_topics" ORDER BY "tag_topics"."id" ASC LIMIT $1[0m  [["LIMIT", 1]]
  [1m[36mTagTopic Load (1.4ms)[0m  [1m[34mSELECT "tag_topics".* FROM "tag_topics" INNER JOIN "taggings" ON "taggings"."tag_topic_id" = "tag_topics"."id" WHERE (tag_topics.id = NULL)[0m
  [1m[36mTagTopic Load (0.5ms)[0m  [1m[34mSELECT "tag_topics".* FROM "tag_topics" ORDER BY "tag_topics"."id" ASC LIMIT $1[0m  [["LIMIT", 1]]
  [1m[36mTagTopic Load (0.5ms)[0m  [1m[34mSELECT "tag_topics".* FROM "tag_topics" INNER JOIN "taggings" ON "taggings"."tag_topic_id" = "tag_topics"."id" WHERE (tag_topics.id = NULL)[0m
  [1m[36mTagTopic Load (0.5ms)[0m  [1m[34mSELECT "tag_topics".* FROM "tag_topics" ORDER BY "tag_topics"."id" ASC LIMIT $1[0m  [["LIMIT", 1]]
  [1m[36mTagTopic Load (0.6ms)[0m  [1m[34mSELECT "tag_topics".* FROM "tag_topics" INNER JOIN "taggings" ON "taggings"."tag_topic_id" = "tag_topics"."id" WHERE (tag_topics.id = NULL)[0m
  [1m[36mTagTopic Load (0.3ms)[0m  [1m[34mSELECT "tag_topics".* FROM "tag_topics" ORDER BY "tag_topics"."id" ASC LIMIT $1[0m  [["LIMIT", 1]]
  [1m[36mTagTopic Load (1.1ms)[0m  [1m[34mSELECT COUNT(*) as num_likes, short_url FROM "tag_topics" INNER JOIN "taggings" ON "taggings"."tag_topic_id" = "tag_topics"."id" WHERE (tag_topics.id = NULL)[0m
  [1m[36mTagTopic Load (0.1ms)[0m  [1m[34mSELECT "tag_topics".* FROM "tag_topics" ORDER BY "tag_topics"."id" ASC LIMIT $1[0m  [["LIMIT", 1]]
  [1m[36mTagTopic Load (0.5ms)[0m  [1m[34mSELECT COUNT(*) as num_likes, shortened_urls.short_url FROM "tag_topics" INNER JOIN "taggings" ON "taggings"."tag_topic_id" = "tag_topics"."id" WHERE (tag_topics.id = NULL)[0m
  [1m[36mTagTopic Load (0.5ms)[0m  [1m[34mSELECT "tag_topics".* FROM "tag_topics" ORDER BY "tag_topics"."id" ASC LIMIT $1[0m  [["LIMIT", 1]]
  [1m[36mTagTopic Load (1.2ms)[0m  [1m[34mSELECT COUNT(*) as num_likes, shortened_urls.short_url FROM "tag_topics" INNER JOIN "taggings" ON "taggings"."tag_topic_id" = "tag_topics"."id" WHERE (tag_topics.id = NULL)[0m
  [1m[36mShortenedUrl Load (0.5ms)[0m  [1m[34mSELECT "shortened_urls".* FROM "shortened_urls" INNER JOIN "taggings" ON "shortened_urls"."id" = "taggings"."url_id" WHERE "taggings"."tag_topic_id" = $1[0m  [["tag_topic_id", 1]]
  [1m[36mVisit Load (0.8ms)[0m  [1m[34mSELECT "visits".* FROM "visits"[0m
  [1m[36mVisit Load (0.4ms)[0m  [1m[34mSELECT "visits".* FROM "visits" ORDER BY "visits"."id" ASC LIMIT $1[0m  [["LIMIT", 1]]
  [1m[36mVisit Load (0.5ms)[0m  [1m[34mSELECT "visits".* FROM "visits" ORDER BY "visits"."id" ASC LIMIT $1[0m  [["LIMIT", 1]]
  [1m[36mUser Load (0.5ms)[0m  [1m[34mSELECT "users".* FROM "users" WHERE "users"."id" = $1 LIMIT $2[0m  [["id", 1], ["LIMIT", 1]]
  [1m[36mVisit Load (0.5ms)[0m  [1m[34mSELECT "visits".* FROM "visits" ORDER BY "visits"."id" ASC LIMIT $1[0m  [["LIMIT", 1]]
  [1m[36mShortenedUrl Load (1.6ms)[0m  [1m[34mSELECT "shortened_urls".* FROM "shortened_urls" WHERE "shortened_urls"."id" = $1 LIMIT $2[0m  [["id", 1], ["LIMIT", 1]]
  [1m[36mVisit Load (0.5ms)[0m  [1m[34mSELECT "visits".* FROM "visits" ORDER BY "visits"."id" ASC LIMIT $1[0m  [["LIMIT", 1]]
  [1m[36mShortenedUrl Load (0.4ms)[0m  [1m[34mSELECT "shortened_urls".* FROM "shortened_urls" WHERE "shortened_urls"."id" = $1 LIMIT $2[0m  [["id", 1], ["LIMIT", 1]]
  [1m[36mTagTopic Load (0.5ms)[0m  [1m[34mSELECT "tag_topics".* FROM "tag_topics" ORDER BY "tag_topics"."id" ASC LIMIT $1[0m  [["LIMIT", 1]]
  [1m[36mTagTopic Load (1.4ms)[0m  [1m[34mSELECT COUNT(*) as num_likes, shortened_urls.short_url FROM "tag_topics" INNER JOIN "taggings" ON "taggings"."tag_topic_id" = "tag_topics"."id" WHERE (tag_topics.id = NULL)[0m
  [1m[36mTagging Load (0.4ms)[0m  [1m[34mSELECT "taggings".* FROM "taggings" ORDER BY "taggings"."id" ASC LIMIT $1[0m  [["LIMIT", 1]]
  [1m[36mTagging Load (0.5ms)[0m  [1m[34mSELECT "taggings".* FROM "taggings" ORDER BY "taggings"."id" ASC LIMIT $1[0m  [["LIMIT", 1]]
  [1m[36mTagTopic Load (0.4ms)[0m  [1m[34mSELECT "tag_topics".* FROM "tag_topics" WHERE "tag_topics"."id" = $1 LIMIT $2[0m  [["id", 1], ["LIMIT", 1]]
  [1m[36mTagging Load (0.5ms)[0m  [1m[34mSELECT "taggings".* FROM "taggings" ORDER BY "taggings"."id" ASC LIMIT $1[0m  [["LIMIT", 1]]
  [1m[36mShortenedUrl Load (0.6ms)[0m  [1m[34mSELECT "shortened_urls".* FROM "shortened_urls" WHERE "shortened_urls"."id" = $1 LIMIT $2[0m  [["id", 5], ["LIMIT", 1]]
  [1m[36mTagTopic Load (0.4ms)[0m  [1m[34mSELECT "tag_topics".* FROM "tag_topics" ORDER BY "tag_topics"."id" ASC LIMIT $1[0m  [["LIMIT", 1]]
  [1m[36mTagTopic Load (0.5ms)[0m  [1m[34mSELECT "tag_topics".* FROM "tag_topics" ORDER BY "tag_topics"."id" ASC LIMIT $1[0m  [["LIMIT", 1]]
  [1m[36mTagTopic Load (1.4ms)[0m  [1m[34mSELECT COUNT(*) as num_likes, shortened_urls.short_url FROM "tag_topics" INNER JOIN "taggings" ON "taggings"."tag_topic_id" = "tag_topics"."id" WHERE (tag_topics.id = NULL)[0m
  [1m[36mTagTopic Load (0.5ms)[0m  [1m[34mSELECT "tag_topics".* FROM "tag_topics" ORDER BY "tag_topics"."id" ASC LIMIT $1[0m  [["LIMIT", 1]]
  [1m[36mTagTopic Load (1.1ms)[0m  [1m[34mSELECT COUNT(*) as num_likes, shortened_urls.short_url FROM "tag_topics" INNER JOIN "taggings" ON "taggings"."tag_topic_id" = "tag_topics"."id" WHERE (tag_topics.id = NULL)[0m
  [1m[36mTagTopic Load (0.1ms)[0m  [1m[34mSELECT "tag_topics".* FROM "tag_topics" ORDER BY "tag_topics"."id" ASC LIMIT $1[0m  [["LIMIT", 1]]
  [1m[36mShortenedUrl Load (0.6ms)[0m  [1m[34mSELECT COUNT(*) as num_likes FROM "shortened_urls" INNER JOIN "taggings" ON "shortened_urls"."id" = "taggings"."url_id" INNER JOIN "visits" ON "visits"."shortened_url_id" = "shortened_urls"."id" WHERE "taggings"."tag_topic_id" = $1 GROUP BY "shortened_urls"."short_url" ORDER BY COUNT(visits.id) DESC LIMIT $2[0m  [["tag_topic_id", 1], ["LIMIT", 5]]
  [1m[36mTagTopic Load (0.5ms)[0m  [1m[34mSELECT "tag_topics".* FROM "tag_topics" ORDER BY "tag_topics"."id" ASC LIMIT $1[0m  [["LIMIT", 1]]
  [1m[36mShortenedUrl Load (1.2ms)[0m  [1m[34mSELECT COUNT(*) as num_likes FROM "shortened_urls" INNER JOIN "taggings" ON "shortened_urls"."id" = "taggings"."url_id" INNER JOIN "visits" ON "visits"."shortened_url_id" = "shortened_urls"."id" WHERE "taggings"."tag_topic_id" = $1 GROUP BY "shortened_urls"."short_url" ORDER BY COUNT(visits.id) DESC LIMIT $2[0m  [["tag_topic_id", 1], ["LIMIT", 5]]
  [1m[36mTagTopic Load (0.5ms)[0m  [1m[34mSELECT "tag_topics".* FROM "tag_topics" ORDER BY "tag_topics"."id" ASC LIMIT $1[0m  [["LIMIT", 1]]
  [1m[36mTagTopic Load (0.4ms)[0m  [1m[34mSELECT "tag_topics".* FROM "tag_topics" ORDER BY "tag_topics"."id" ASC LIMIT $1[0m  [["LIMIT", 1]]
  [1m[36mShortenedUrl Load (1.1ms)[0m  [1m[34mSELECT COUNT(*) as num_likes FROM "shortened_urls" INNER JOIN "taggings" ON "shortened_urls"."id" = "taggings"."url_id" INNER JOIN "visits" ON "visits"."shortened_url_id" = "shortened_urls"."id" WHERE "taggings"."tag_topic_id" = $1 GROUP BY "shortened_urls"."short_url" ORDER BY COUNT(visits.id) DESC LIMIT $2[0m  [["tag_topic_id", 1], ["LIMIT", 5]]
  [1m[36mTagTopic Load (0.1ms)[0m  [1m[34mSELECT "tag_topics".* FROM "tag_topics" ORDER BY "tag_topics"."id" ASC LIMIT $1[0m  [["LIMIT", 1]]
  [1m[36mShortenedUrl Load (0.4ms)[0m  [1m[34mSELECT COUNT(*) as num_likes, shortened_urls.short_url FROM "shortened_urls" INNER JOIN "taggings" ON "shortened_urls"."id" = "taggings"."url_id" INNER JOIN "visits" ON "visits"."shortened_url_id" = "shortened_urls"."id" WHERE "taggings"."tag_topic_id" = $1 GROUP BY "shortened_urls"."short_url" ORDER BY COUNT(visits.id) DESC LIMIT $2[0m  [["tag_topic_id", 1], ["LIMIT", 5]]
  [1m[36mTagTopic Load (0.5ms)[0m  [1m[34mSELECT "tag_topics".* FROM "tag_topics" ORDER BY "tag_topics"."id" ASC LIMIT $1[0m  [["LIMIT", 1]]
  [1m[36mShortenedUrl Load (1.7ms)[0m  [1m[34mSELECT COUNT(*) as num_likes, shortened_urls.short_url FROM "shortened_urls" INNER JOIN "taggings" ON "shortened_urls"."id" = "taggings"."url_id" INNER JOIN "visits" ON "visits"."shortened_url_id" = "shortened_urls"."id" WHERE "taggings"."tag_topic_id" = $1 GROUP BY "shortened_urls"."short_url" ORDER BY COUNT(visits.id) DESC LIMIT $2[0m  [["tag_topic_id", 1], ["LIMIT", 5]]
  [1m[36mTagTopic Load (0.2ms)[0m  [1m[34mSELECT "tag_topics".* FROM "tag_topics" ORDER BY "tag_topics"."id" ASC LIMIT $1[0m  [["LIMIT", 1]]
  [1m[36mShortenedUrl Load (0.4ms)[0m  [1m[34mSELECT COUNT(*) as num_likes, short_url FROM "shortened_urls" INNER JOIN "taggings" ON "shortened_urls"."id" = "taggings"."url_id" INNER JOIN "visits" ON "visits"."shortened_url_id" = "shortened_urls"."id" WHERE "taggings"."tag_topic_id" = $1 GROUP BY "shortened_urls"."short_url" ORDER BY COUNT(visits.id) DESC LIMIT $2[0m  [["tag_topic_id", 1], ["LIMIT", 5]]
  [1m[36mTagging Load (0.2ms)[0m  [1m[34mSELECT "taggings".* FROM "taggings"[0m
  [1m[36mTagging Load (0.5ms)[0m  [1m[34mSELECT "taggings".* FROM "taggings" ORDER BY "taggings"."id" ASC LIMIT $1[0m  [["LIMIT", 1]]
  [1m[36mShortenedUrl Load (0.1ms)[0m  [1m[34mSELECT "shortened_urls".* FROM "shortened_urls" WHERE "shortened_urls"."id" = $1 LIMIT $2[0m  [["id", 5], ["LIMIT", 1]]
  [1m[35m (0.2ms)[0m  [1m[35mBEGIN[0m
  [1m[36mTagging Exists? (0.5ms)[0m  [1m[34mSELECT 1 AS one FROM "taggings" WHERE "taggings"."tag_topic_id" = $1 AND "taggings"."url_id" = $2 LIMIT $3[0m  [["tag_topic_id", 1], ["url_id", 5], ["LIMIT", 1]]
  [1m[36mTagTopic Load (0.1ms)[0m  [1m[34mSELECT "tag_topics".* FROM "tag_topics" WHERE "tag_topics"."id" = $1 LIMIT $2[0m  [["id", 1], ["LIMIT", 1]]
  [1m[36mShortenedUrl Load (0.1ms)[0m  [1m[34mSELECT "shortened_urls".* FROM "shortened_urls" WHERE "shortened_urls"."id" = $1 LIMIT $2[0m  [["id", 5], ["LIMIT", 1]]
  [1m[35m (0.1ms)[0m  [1m[31mROLLBACK[0m
  [1m[35m (0.3ms)[0m  [1m[35mBEGIN[0m
  [1m[36mUser Load (0.4ms)[0m  [1m[34mSELECT "users".* FROM "users" WHERE "users"."id" = $1 LIMIT $2[0m  [["id", 1], ["LIMIT", 1]]
  [1m[36mShortenedUrl Load (0.4ms)[0m  [1m[34mSELECT "shortened_urls".* FROM "shortened_urls" WHERE "shortened_urls"."id" = $1 LIMIT $2[0m  [["id", 5], ["LIMIT", 1]]
  [1m[36mVisit Create (1.0ms)[0m  [1m[32mINSERT INTO "visits" ("user_id", "shortened_url_id", "created_at", "updated_at") VALUES ($1, $2, $3, $4) RETURNING "id"[0m  [["user_id", 1], ["shortened_url_id", 5], ["created_at", "2019-09-27 01:23:33.926187"], ["updated_at", "2019-09-27 01:23:33.926187"]]
  [1m[35m (1.0ms)[0m  [1m[35mCOMMIT[0m
  [1m[36mTagTopic Load (0.5ms)[0m  [1m[34mSELECT "tag_topics".* FROM "tag_topics" ORDER BY "tag_topics"."id" ASC LIMIT $1[0m  [["LIMIT", 1]]
  [1m[36mTagTopic Load (0.5ms)[0m  [1m[34mSELECT "tag_topics".* FROM "tag_topics" ORDER BY "tag_topics"."id" ASC LIMIT $1[0m  [["LIMIT", 1]]
  [1m[36mShortenedUrl Load (1.2ms)[0m  [1m[34mSELECT COUNT(*) as num_likes, short_url FROM "shortened_urls" INNER JOIN "taggings" ON "shortened_urls"."id" = "taggings"."url_id" INNER JOIN "visits" ON "visits"."shortened_url_id" = "shortened_urls"."id" WHERE "taggings"."tag_topic_id" = $1 GROUP BY "shortened_urls"."short_url" ORDER BY COUNT(visits.id) DESC LIMIT $2[0m  [["tag_topic_id", 1], ["LIMIT", 5]]
  [1m[36mTagTopic Load (0.5ms)[0m  [1m[34mSELECT "tag_topics".* FROM "tag_topics" ORDER BY "tag_topics"."id" ASC LIMIT $1[0m  [["LIMIT", 1]]
  [1m[36mShortenedUrl Load (2.0ms)[0m  [1m[34mSELECT COUNT(*) as num_likes, short_url FROM "shortened_urls" INNER JOIN "taggings" ON "shortened_urls"."id" = "taggings"."url_id" INNER JOIN "visits" ON "visits"."shortened_url_id" = "shortened_urls"."id" WHERE "taggings"."tag_topic_id" = $1 GROUP BY "shortened_urls"."short_url" ORDER BY COUNT(visits.id) DESC LIMIT $2[0m  [["tag_topic_id", 1], ["LIMIT", 1]]
  [1m[36mTagTopic Load (0.4ms)[0m  [1m[34mSELECT "tag_topics".* FROM "tag_topics" ORDER BY "tag_topics"."id" ASC LIMIT $1[0m  [["LIMIT", 1]]
  [1m[36mTagTopic Load (0.4ms)[0m  [1m[34mSELECT "tag_topics".* FROM "tag_topics" ORDER BY "tag_topics"."id" ASC LIMIT $1[0m  [["LIMIT", 1]]
  [1m[36mShortenedUrl Load (1.5ms)[0m  [1m[34mSELECT COUNT(*) as num_likes, short_url FROM "shortened_urls" INNER JOIN "taggings" ON "shortened_urls"."id" = "taggings"."url_id" INNER JOIN "visits" ON "visits"."shortened_url_id" = "shortened_urls"."id" WHERE "taggings"."tag_topic_id" = $1 GROUP BY "shortened_urls"."short_url" ORDER BY COUNT(visits.id) DESC LIMIT $2[0m  [["tag_topic_id", 1], ["LIMIT", 5]]
